000 (43878489.000.000) 2024-03-15 10:47:53 Job submitted from host: <131.169.223.42:9618?addrs=131.169.223.42-9618+[2001-638-700-10df--1-2a]-9618&alias=bird-htc-sched14.desy.de&noUDP&sock=schedd_2205_066b>
...
040 (43878489.000.000) 2024-03-15 10:48:13 Started transferring input files
	Transferring to host: <131.169.77.160:33144?addrs=131.169.77.160-33144+[2001-638-700-104c--1-1a0]-33144&alias=bird640.desy.de>
...
040 (43878489.000.000) 2024-03-15 10:48:13 Finished transferring input files
...
001 (43878489.000.000) 2024-03-15 10:48:14 Job executing on host: <131.169.77.160:33327?addrs=131.169.77.160-33327+[2001-638-700-104c--1-1a0]-33327&alias=bird640.desy.de>
...
006 (43878489.000.000) 2024-03-15 10:48:23 Image size of job updated: 432136
	24  -  MemoryUsage of job (MB)
	23556  -  ResidentSetSize of job (KB)
...
040 (43878489.000.000) 2024-03-15 10:48:37 Started transferring output files
...
040 (43878489.000.000) 2024-03-15 10:48:37 Finished transferring output files
...
005 (43878489.000.000) 2024-03-15 10:48:37 Job terminated.
	(1) Normal termination (return value 1)
		Usr 0 00:00:00, Sys 0 00:00:00  -  Run Remote Usage
		Usr 0 00:00:00, Sys 0 00:00:00  -  Run Local Usage
		Usr 0 00:00:00, Sys 0 00:00:00  -  Total Remote Usage
		Usr 0 00:00:00, Sys 0 00:00:00  -  Total Local Usage
	6910  -  Run Bytes Sent By Job
	228  -  Run Bytes Received By Job
	6910  -  Total Bytes Sent By Job
	228  -  Total Bytes Received By Job
	Partitionable Resources :    Usage  Request Allocated 
	   Cpus                 :                 1         1 
	   Disk (KB)            :       20 20480000  21281112 
	   Memory (MB)          :       24     1536      1536 

	Job terminated of its own accord at 2024-03-15T09:48:37Z.
...
000 (43878676.000.000) 2024-03-15 11:25:59 Job submitted from host: <131.169.223.42:9618?addrs=131.169.223.42-9618+[2001-638-700-10df--1-2a]-9618&alias=bird-htc-sched14.desy.de&noUDP&sock=schedd_2205_066b>
...
040 (43878676.000.000) 2024-03-15 11:26:16 Started transferring input files
	Transferring to host: <131.169.165.140:43936?addrs=131.169.165.140-43936+[2001-638-700-10a0--1-58c]-43936&alias=batch1462.desy.de>
...
040 (43878676.000.000) 2024-03-15 11:26:16 Finished transferring input files
...
001 (43878676.000.000) 2024-03-15 11:26:17 Job executing on host: <131.169.165.140:44410?addrs=131.169.165.140-44410+[2001-638-700-10a0--1-58c]-44410&alias=batch1462.desy.de>
...
006 (43878676.000.000) 2024-03-15 11:26:25 Image size of job updated: 356
	1  -  MemoryUsage of job (MB)
	356  -  ResidentSetSize of job (KB)
...
006 (43878676.000.000) 2024-03-15 11:26:29 Image size of job updated: 234176
	1  -  MemoryUsage of job (MB)
	356  -  ResidentSetSize of job (KB)
...
040 (43878676.000.000) 2024-03-15 11:26:29 Started transferring output files
...
040 (43878676.000.000) 2024-03-15 11:26:29 Finished transferring output files
...
005 (43878676.000.000) 2024-03-15 11:26:29 Job terminated.
	(1) Normal termination (return value 1)
		Usr 0 00:00:00, Sys 0 00:00:00  -  Run Remote Usage
		Usr 0 00:00:00, Sys 0 00:00:00  -  Run Local Usage
		Usr 0 00:00:00, Sys 0 00:00:00  -  Total Remote Usage
		Usr 0 00:00:00, Sys 0 00:00:00  -  Total Local Usage
	6495  -  Run Bytes Sent By Job
	274  -  Run Bytes Received By Job
	6495  -  Total Bytes Sent By Job
	274  -  Total Bytes Received By Job
	Partitionable Resources :    Usage  Request Allocated 
	   Cpus                 :                 1         1 
	   Disk (KB)            :       20 20480000  21565361 
	   Memory (MB)          :        1     1536      1536 

	Job terminated of its own accord at 2024-03-15T10:26:29Z.
...
000 (43878687.000.000) 2024-03-15 11:28:39 Job submitted from host: <131.169.223.42:9618?addrs=131.169.223.42-9618+[2001-638-700-10df--1-2a]-9618&alias=bird-htc-sched14.desy.de&noUDP&sock=schedd_2205_066b>
...
040 (43878687.000.000) 2024-03-15 11:28:55 Started transferring input files
	Transferring to host: <131.169.164.24:38193?addrs=131.169.164.24-38193+[2001-638-700-10a0--1-418]-38193&alias=bird824.desy.de>
...
040 (43878687.000.000) 2024-03-15 11:28:55 Finished transferring input files
...
001 (43878687.000.000) 2024-03-15 11:28:56 Job executing on host: <131.169.164.24:40476?addrs=131.169.164.24-40476+[2001-638-700-10a0--1-418]-40476&alias=bird824.desy.de>
...
006 (43878687.000.000) 2024-03-15 11:29:05 Image size of job updated: 234172
	1  -  MemoryUsage of job (MB)
	320  -  ResidentSetSize of job (KB)
...
040 (43878687.000.000) 2024-03-15 11:29:08 Started transferring output files
...
040 (43878687.000.000) 2024-03-15 11:29:08 Finished transferring output files
...
005 (43878687.000.000) 2024-03-15 11:29:08 Job terminated.
	(1) Normal termination (return value 1)
		Usr 0 00:00:00, Sys 0 00:00:00  -  Run Remote Usage
		Usr 0 00:00:00, Sys 0 00:00:00  -  Run Local Usage
		Usr 0 00:00:00, Sys 0 00:00:00  -  Total Remote Usage
		Usr 0 00:00:00, Sys 0 00:00:00  -  Total Local Usage
	7101  -  Run Bytes Sent By Job
	328  -  Run Bytes Received By Job
	7101  -  Total Bytes Sent By Job
	328  -  Total Bytes Received By Job
	Partitionable Resources :    Usage  Request Allocated 
	   Cpus                 :                 1         1 
	   Disk (KB)            :       20 20480000  21364025 
	   Memory (MB)          :        1     1536      1536 

	Job terminated of its own accord at 2024-03-15T10:29:08Z.
...
000 (43878727.000.000) 2024-03-15 11:39:01 Job submitted from host: <131.169.223.42:9618?addrs=131.169.223.42-9618+[2001-638-700-10df--1-2a]-9618&alias=bird-htc-sched14.desy.de&noUDP&sock=schedd_2205_066b>
...
040 (43878727.000.000) 2024-03-15 11:39:30 Started transferring input files
	Transferring to host: <131.169.163.113:39328?addrs=131.169.163.113-39328+[2001-638-700-10a0--1-371]-39328&alias=bird674.desy.de>
...
040 (43878727.000.000) 2024-03-15 11:39:30 Finished transferring input files
...
001 (43878727.000.000) 2024-03-15 11:39:31 Job executing on host: <131.169.163.113:38309?addrs=131.169.163.113-38309+[2001-638-700-10a0--1-371]-38309&alias=bird674.desy.de>
...
006 (43878727.000.000) 2024-03-15 11:39:40 Image size of job updated: 432008
	1  -  MemoryUsage of job (MB)
	324  -  ResidentSetSize of job (KB)
...
040 (43878727.000.000) 2024-03-15 11:39:42 Started transferring output files
...
040 (43878727.000.000) 2024-03-15 11:39:43 Finished transferring output files
...
005 (43878727.000.000) 2024-03-15 11:39:43 Job terminated.
	(1) Normal termination (return value 1)
		Usr 0 00:00:00, Sys 0 00:00:00  -  Run Remote Usage
		Usr 0 00:00:00, Sys 0 00:00:00  -  Run Local Usage
		Usr 0 00:00:00, Sys 0 00:00:00  -  Total Remote Usage
		Usr 0 00:00:00, Sys 0 00:00:00  -  Total Local Usage
	5244  -  Run Bytes Sent By Job
	520  -  Run Bytes Received By Job
	5244  -  Total Bytes Sent By Job
	520  -  Total Bytes Received By Job
	Partitionable Resources :    Usage  Request Allocated 
	   Cpus                 :                 1         1 
	   Disk (KB)            :       19 20480000  21278331 
	   Memory (MB)          :        1     1536      1536 

	Job terminated of its own accord at 2024-03-15T10:39:42Z.
...
000 (43878739.000.000) 2024-03-15 11:42:14 Job submitted from host: <131.169.223.42:9618?addrs=131.169.223.42-9618+[2001-638-700-10df--1-2a]-9618&alias=bird-htc-sched14.desy.de&noUDP&sock=schedd_2205_066b>
...
040 (43878739.000.000) 2024-03-15 11:42:29 Started transferring input files
	Transferring to host: <131.169.165.132:42166?addrs=131.169.165.132-42166+[2001-638-700-10a0--1-584]-42166&alias=batch1454.desy.de>
...
040 (43878739.000.000) 2024-03-15 11:42:29 Finished transferring input files
...
001 (43878739.000.000) 2024-03-15 11:42:30 Job executing on host: <131.169.165.132:32867?addrs=131.169.165.132-32867+[2001-638-700-10a0--1-584]-32867&alias=batch1454.desy.de>
...
006 (43878739.000.000) 2024-03-15 11:42:39 Image size of job updated: 306464
	1  -  MemoryUsage of job (MB)
	364  -  ResidentSetSize of job (KB)
...
040 (43878739.000.000) 2024-03-15 11:42:42 Started transferring output files
...
040 (43878739.000.000) 2024-03-15 11:42:42 Finished transferring output files
...
005 (43878739.000.000) 2024-03-15 11:42:42 Job terminated.
	(1) Normal termination (return value 1)
		Usr 0 00:00:00, Sys 0 00:00:00  -  Run Remote Usage
		Usr 0 00:00:00, Sys 0 00:00:00  -  Run Local Usage
		Usr 0 00:00:00, Sys 0 00:00:00  -  Total Remote Usage
		Usr 0 00:00:00, Sys 0 00:00:00  -  Total Local Usage
	5739  -  Run Bytes Sent By Job
	523  -  Run Bytes Received By Job
	5739  -  Total Bytes Sent By Job
	523  -  Total Bytes Received By Job
	Partitionable Resources :    Usage  Request Allocated 
	   Cpus                 :                 1         1 
	   Disk (KB)            :       19 20480000  21570920 
	   Memory (MB)          :        1     1536      1536 

	Job terminated of its own accord at 2024-03-15T10:42:42Z.
...
000 (43878744.000.000) 2024-03-15 11:46:01 Job submitted from host: <131.169.223.42:9618?addrs=131.169.223.42-9618+[2001-638-700-10df--1-2a]-9618&alias=bird-htc-sched14.desy.de&noUDP&sock=schedd_2205_066b>
...
040 (43878744.000.000) 2024-03-15 11:46:20 Started transferring input files
	Transferring to host: <131.169.164.40:40883?addrs=131.169.164.40-40883+[2001-638-700-10a0--1-428]-40883&alias=bird840.desy.de>
...
040 (43878744.000.000) 2024-03-15 11:46:20 Finished transferring input files
...
001 (43878744.000.000) 2024-03-15 11:46:21 Job executing on host: <131.169.164.40:41311?addrs=131.169.164.40-41311+[2001-638-700-10a0--1-428]-41311&alias=bird840.desy.de>
...
006 (43878744.000.000) 2024-03-15 11:46:29 Image size of job updated: 328
	1  -  MemoryUsage of job (MB)
	328  -  ResidentSetSize of job (KB)
...
006 (43878744.000.000) 2024-03-15 11:46:32 Image size of job updated: 234172
	1  -  MemoryUsage of job (MB)
	328  -  ResidentSetSize of job (KB)
...
040 (43878744.000.000) 2024-03-15 11:46:32 Started transferring output files
...
040 (43878744.000.000) 2024-03-15 11:46:32 Finished transferring output files
...
005 (43878744.000.000) 2024-03-15 11:46:32 Job terminated.
	(1) Normal termination (return value 1)
		Usr 0 00:00:00, Sys 0 00:00:00  -  Run Remote Usage
		Usr 0 00:00:00, Sys 0 00:00:00  -  Run Local Usage
		Usr 0 00:00:00, Sys 0 00:00:00  -  Total Remote Usage
		Usr 0 00:00:00, Sys 0 00:00:00  -  Total Local Usage
	6231  -  Run Bytes Sent By Job
	526  -  Run Bytes Received By Job
	6231  -  Total Bytes Sent By Job
	526  -  Total Bytes Received By Job
	Partitionable Resources :    Usage  Request Allocated 
	   Cpus                 :                 1         1 
	   Disk (KB)            :       20 20480000  20955233 
	   Memory (MB)          :        1     1536      1536 

	Job terminated of its own accord at 2024-03-15T10:46:32Z.
...
000 (43878756.000.000) 2024-03-15 11:54:02 Job submitted from host: <131.169.223.42:9618?addrs=131.169.223.42-9618+[2001-638-700-10df--1-2a]-9618&alias=bird-htc-sched14.desy.de&noUDP&sock=schedd_2205_066b>
...
040 (43878756.000.000) 2024-03-15 11:54:21 Started transferring input files
	Transferring to host: <131.169.165.132:43873?addrs=131.169.165.132-43873+[2001-638-700-10a0--1-584]-43873&alias=batch1454.desy.de>
...
040 (43878756.000.000) 2024-03-15 11:54:21 Finished transferring input files
...
001 (43878756.000.000) 2024-03-15 11:54:22 Job executing on host: <131.169.165.132:32867?addrs=131.169.165.132-32867+[2001-638-700-10a0--1-584]-32867&alias=batch1454.desy.de>
...
006 (43878756.000.000) 2024-03-15 11:54:30 Image size of job updated: 284728
	1  -  MemoryUsage of job (MB)
	360  -  ResidentSetSize of job (KB)
...
040 (43878756.000.000) 2024-03-15 11:54:33 Started transferring output files
...
040 (43878756.000.000) 2024-03-15 11:54:33 Finished transferring output files
...
005 (43878756.000.000) 2024-03-15 11:54:33 Job terminated.
	(1) Normal termination (return value 1)
		Usr 0 00:00:00, Sys 0 00:00:00  -  Run Remote Usage
		Usr 0 00:00:00, Sys 0 00:00:00  -  Run Local Usage
		Usr 0 00:00:00, Sys 0 00:00:00  -  Total Remote Usage
		Usr 0 00:00:00, Sys 0 00:00:00  -  Total Local Usage
	7215  -  Run Bytes Sent By Job
	526  -  Run Bytes Received By Job
	7215  -  Total Bytes Sent By Job
	526  -  Total Bytes Received By Job
	Partitionable Resources :    Usage  Request Allocated 
	   Cpus                 :                 1         1 
	   Disk (KB)            :       21 20480000  21570920 
	   Memory (MB)          :        1     1536      1536 

	Job terminated of its own accord at 2024-03-15T10:54:33Z.
...
000 (43878758.000.000) 2024-03-15 11:55:19 Job submitted from host: <131.169.223.42:9618?addrs=131.169.223.42-9618+[2001-638-700-10df--1-2a]-9618&alias=bird-htc-sched14.desy.de&noUDP&sock=schedd_2205_066b>
...
040 (43878758.000.000) 2024-03-15 11:55:38 Started transferring input files
	Transferring to host: <131.169.163.104:44028?addrs=131.169.163.104-44028+[2001-638-700-10a0--1-368]-44028&alias=bird665.desy.de>
...
040 (43878758.000.000) 2024-03-15 11:55:38 Finished transferring input files
...
001 (43878758.000.000) 2024-03-15 11:55:39 Job executing on host: <131.169.163.104:45650?addrs=131.169.163.104-45650+[2001-638-700-10a0--1-368]-45650&alias=bird665.desy.de>
...
006 (43878758.000.000) 2024-03-15 11:55:48 Image size of job updated: 608692
	123  -  MemoryUsage of job (MB)
	124952  -  ResidentSetSize of job (KB)
...
006 (43878758.000.000) 2024-03-15 11:58:09 Image size of job updated: 611364
	123  -  MemoryUsage of job (MB)
	124952  -  ResidentSetSize of job (KB)
...
040 (43878758.000.000) 2024-03-15 11:58:10 Started transferring output files
...
040 (43878758.000.000) 2024-03-15 11:58:10 Finished transferring output files
...
005 (43878758.000.000) 2024-03-15 11:58:10 Job terminated.
	(1) Normal termination (return value 1)
		Usr 0 00:02:16, Sys 0 00:00:02  -  Run Remote Usage
		Usr 0 00:00:00, Sys 0 00:00:00  -  Run Local Usage
		Usr 0 00:02:16, Sys 0 00:00:02  -  Total Remote Usage
		Usr 0 00:00:00, Sys 0 00:00:00  -  Total Local Usage
	172634  -  Run Bytes Sent By Job
	527  -  Run Bytes Received By Job
	172634  -  Total Bytes Sent By Job
	527  -  Total Bytes Received By Job
	Partitionable Resources :    Usage  Request Allocated 
	   Cpus                 :     0.69        1         1 
	   Disk (KB)            :   189    20480000  21203827 
	   Memory (MB)          :   123        1536      1536 

	Job terminated of its own accord at 2024-03-15T10:58:09Z.
...
000 (43878770.000.000) 2024-03-15 12:04:18 Job submitted from host: <131.169.223.42:9618?addrs=131.169.223.42-9618+[2001-638-700-10df--1-2a]-9618&alias=bird-htc-sched14.desy.de&noUDP&sock=schedd_2205_066b>
...
040 (43878770.000.000) 2024-03-15 12:04:31 Started transferring input files
	Transferring to host: <131.169.160.211:45638?addrs=131.169.160.211-45638+[2001-638-700-10a0--1-d3]-45638&alias=batch1353.desy.de>
...
040 (43878770.000.000) 2024-03-15 12:04:31 Finished transferring input files
...
001 (43878770.000.000) 2024-03-15 12:04:32 Job executing on host: <131.169.160.211:36847?addrs=131.169.160.211-36847+[2001-638-700-10a0--1-d3]-36847&alias=batch1353.desy.de>
...
006 (43878770.000.000) 2024-03-15 12:04:41 Image size of job updated: 608636
	122  -  MemoryUsage of job (MB)
	124912  -  ResidentSetSize of job (KB)
...
006 (43878770.000.000) 2024-03-15 12:06:08 Image size of job updated: 611308
	122  -  MemoryUsage of job (MB)
	124912  -  ResidentSetSize of job (KB)
...
040 (43878770.000.000) 2024-03-15 12:06:08 Started transferring output files
...
040 (43878770.000.000) 2024-03-15 12:06:08 Finished transferring output files
...
005 (43878770.000.000) 2024-03-15 12:06:08 Job terminated.
	(1) Normal termination (return value 0)
		Usr 0 00:01:27, Sys 0 00:00:01  -  Run Remote Usage
		Usr 0 00:00:00, Sys 0 00:00:00  -  Run Local Usage
		Usr 0 00:01:27, Sys 0 00:00:01  -  Total Remote Usage
		Usr 0 00:00:00, Sys 0 00:00:00  -  Total Local Usage
	173403  -  Run Bytes Sent By Job
	521  -  Run Bytes Received By Job
	173403  -  Total Bytes Sent By Job
	521  -  Total Bytes Received By Job
	Partitionable Resources :    Usage  Request Allocated 
	   Cpus                 :     1.00        1         1 
	   Disk (KB)            :   190    20480000  22322088 
	   Memory (MB)          :   122        1536      1536 

	Job terminated of its own accord at 2024-03-15T11:06:08Z.
...
000 (43878773.000.000) 2024-03-15 12:07:52 Job submitted from host: <131.169.223.42:9618?addrs=131.169.223.42-9618+[2001-638-700-10df--1-2a]-9618&alias=bird-htc-sched14.desy.de&noUDP&sock=schedd_2205_066b>
...
040 (43878773.000.000) 2024-03-15 12:07:58 Started transferring input files
	Transferring to host: <131.169.165.132:41675?addrs=131.169.165.132-41675+[2001-638-700-10a0--1-584]-41675&alias=batch1454.desy.de>
...
040 (43878773.000.000) 2024-03-15 12:07:58 Finished transferring input files
...
001 (43878773.000.000) 2024-03-15 12:07:59 Job executing on host: <131.169.165.132:32867?addrs=131.169.165.132-32867+[2001-638-700-10a0--1-584]-32867&alias=batch1454.desy.de>
...
006 (43878773.000.000) 2024-03-15 12:08:07 Image size of job updated: 608668
	123  -  MemoryUsage of job (MB)
	124956  -  ResidentSetSize of job (KB)
...
006 (43878773.000.000) 2024-03-15 12:09:29 Image size of job updated: 614316
	123  -  MemoryUsage of job (MB)
	124956  -  ResidentSetSize of job (KB)
...
040 (43878773.000.000) 2024-03-15 12:09:29 Started transferring output files
...
040 (43878773.000.000) 2024-03-15 12:09:29 Finished transferring output files
...
005 (43878773.000.000) 2024-03-15 12:09:29 Job terminated.
	(1) Normal termination (return value 1)
		Usr 0 00:01:23, Sys 0 00:00:01  -  Run Remote Usage
		Usr 0 00:00:00, Sys 0 00:00:00  -  Run Local Usage
		Usr 0 00:01:23, Sys 0 00:00:01  -  Total Remote Usage
		Usr 0 00:00:00, Sys 0 00:00:00  -  Total Local Usage
	174178  -  Run Bytes Sent By Job
	521  -  Run Bytes Received By Job
	174178  -  Total Bytes Sent By Job
	521  -  Total Bytes Received By Job
	Partitionable Resources :    Usage  Request Allocated 
	   Cpus                 :                 1         1 
	   Disk (KB)            :      184 20480000  21570920 
	   Memory (MB)          :      123     1536      1536 

	Job terminated of its own accord at 2024-03-15T11:09:29Z.
...
