The system is: Linux - 3.10.0-1160.105.1.el7.x86_64 - x86_64
Compiling the C compiler identification source file "CMakeCCompilerId.c" succeeded.
Compiler: /cvmfs/sft.cern.ch/lcg/releases/gcc/8.2.0-3fa06/x86_64-centos7/bin/gcc 
Build flags: 
Id flags:  

The output was:
0


Compilation of the C compiler identification source "CMakeCCompilerId.c" produced "a.out"

The C compiler identification is GNU, found in "/lhome/ific/m/marherje/SiWECAL_p_AHCAL_Sim/processors/ECAL/LCIO2BuildProcessor/build/CMakeFiles/3.15.5/CompilerIdC/a.out"

Compiling the CXX compiler identification source file "CMakeCXXCompilerId.cpp" succeeded.
Compiler: /cvmfs/sft.cern.ch/lcg/releases/gcc/8.2.0-3fa06/x86_64-centos7/bin/g++ 
Build flags: 
Id flags:  

The output was:
0


Compilation of the CXX compiler identification source "CMakeCXXCompilerId.cpp" produced "a.out"

The CXX compiler identification is GNU, found in "/lhome/ific/m/marherje/SiWECAL_p_AHCAL_Sim/processors/ECAL/LCIO2BuildProcessor/build/CMakeFiles/3.15.5/CompilerIdCXX/a.out"

Determining if the C compiler works passed with the following output:
Change Dir: /lhome/ific/m/marherje/SiWECAL_p_AHCAL_Sim/processors/ECAL/LCIO2BuildProcessor/build/CMakeFiles/CMakeTmp

Run Build Command(s):/bin/gmake cmTC_0f029/fast && /bin/gmake -f CMakeFiles/cmTC_0f029.dir/build.make CMakeFiles/cmTC_0f029.dir/build
gmake[1]: se ingresa al directorio `/lhome/ific/m/marherje/SiWECAL_p_AHCAL_Sim/processors/ECAL/LCIO2BuildProcessor/build/CMakeFiles/CMakeTmp'
Building C object CMakeFiles/cmTC_0f029.dir/testCCompiler.c.o
/cvmfs/sft.cern.ch/lcg/releases/gcc/8.2.0-3fa06/x86_64-centos7/bin/gcc    -o CMakeFiles/cmTC_0f029.dir/testCCompiler.c.o   -c /lhome/ific/m/marherje/SiWECAL_p_AHCAL_Sim/processors/ECAL/LCIO2BuildProcessor/build/CMakeFiles/CMakeTmp/testCCompiler.c
Linking C executable cmTC_0f029
/cvmfs/ilc.desy.de/sw/x86_64_gcc82_centos7/CMake/3.15.5/bin/cmake -E cmake_link_script CMakeFiles/cmTC_0f029.dir/link.txt --verbose=1
/cvmfs/sft.cern.ch/lcg/releases/gcc/8.2.0-3fa06/x86_64-centos7/bin/gcc      -rdynamic CMakeFiles/cmTC_0f029.dir/testCCompiler.c.o  -o cmTC_0f029 
gmake[1]: se sale del directorio `/lhome/ific/m/marherje/SiWECAL_p_AHCAL_Sim/processors/ECAL/LCIO2BuildProcessor/build/CMakeFiles/CMakeTmp'



Detecting C compiler ABI info compiled with the following output:
Change Dir: /lhome/ific/m/marherje/SiWECAL_p_AHCAL_Sim/processors/ECAL/LCIO2BuildProcessor/build/CMakeFiles/CMakeTmp

Run Build Command(s):/bin/gmake cmTC_40cdd/fast && /bin/gmake -f CMakeFiles/cmTC_40cdd.dir/build.make CMakeFiles/cmTC_40cdd.dir/build
gmake[1]: Entering directory `/lhome/ific/m/marherje/SiWECAL_p_AHCAL_Sim/processors/ECAL/LCIO2BuildProcessor/build/CMakeFiles/CMakeTmp'
Building C object CMakeFiles/cmTC_40cdd.dir/CMakeCCompilerABI.c.o
/cvmfs/sft.cern.ch/lcg/releases/gcc/8.2.0-3fa06/x86_64-centos7/bin/gcc   -v -o CMakeFiles/cmTC_40cdd.dir/CMakeCCompilerABI.c.o   -c /cvmfs/ilc.desy.de/sw/x86_64_gcc82_centos7/CMake/3.15.5/share/cmake-3.15/Modules/CMakeCCompilerABI.c
Using built-in specs.
COLLECT_GCC=/cvmfs/sft.cern.ch/lcg/releases/gcc/8.2.0-3fa06/x86_64-centos7/bin/gcc
Target: x86_64-pc-linux-gnu
Configured with: /afs/cern.ch/cms/CAF/CMSCOMM/COMM_ECAL/dkonst/GCC/build/contrib/gcc-8.2.0/src/gcc/8.2.0/configure --prefix=/afs/cern.ch/cms/CAF/CMSCOMM/COMM_ECAL/dkonst/GCC/lcgcmake-install/gcc/8.2.0/x86_64-centos7 -with-system-zlib --disable-multilib --enable-languages=all --with-gnu-ld --with-ld=/afs/cern.ch/cms/CAF/CMSCOMM/COMM_ECAL/dkonst/GCC/lcgcmake-install/binutils/2.30/x86_64-centos7/bin/ld --with-gnu-as --with-as=/afs/cern.ch/cms/CAF/CMSCOMM/COMM_ECAL/dkonst/GCC/lcgcmake-install/binutils/2.30/x86_64-centos7/bin/as
Thread model: posix
gcc version 8.2.0 (GCC) 
COLLECT_GCC_OPTIONS='-v' '-o' 'CMakeFiles/cmTC_40cdd.dir/CMakeCCompilerABI.c.o' '-c' '-mtune=generic' '-march=x86-64'
 /cvmfs/sft.cern.ch/lcg/releases/gcc/8.2.0-3fa06/x86_64-centos7/bin/../libexec/gcc/x86_64-pc-linux-gnu/8.2.0/cc1 -quiet -v -iprefix /cvmfs/sft.cern.ch/lcg/releases/gcc/8.2.0-3fa06/x86_64-centos7/bin/../lib/gcc/x86_64-pc-linux-gnu/8.2.0/ -isystem /cvmfs/sft.cern.ch/lcg/releases/gcc/8.2.0-3fa06/x86_64-centos7/include /cvmfs/ilc.desy.de/sw/x86_64_gcc82_centos7/CMake/3.15.5/share/cmake-3.15/Modules/CMakeCCompilerABI.c -quiet -dumpbase CMakeCCompilerABI.c -mtune=generic -march=x86-64 -auxbase-strip CMakeFiles/cmTC_40cdd.dir/CMakeCCompilerABI.c.o -version -o /tmp/marherje/ccbp3W8i.s
GNU C17 (GCC) version 8.2.0 (x86_64-pc-linux-gnu)
	compiled by GNU C version 8.2.0, GMP version 6.1.0, MPFR version 3.1.4, MPC version 1.0.3, isl version isl-0.18-GMP

GGC heuristics: --param ggc-min-expand=100 --param ggc-min-heapsize=131072
ignoring nonexistent directory "/cvmfs/sft.cern.ch/lcg/releases/gcc/8.2.0-3fa06/x86_64-centos7/bin/../lib/gcc/x86_64-pc-linux-gnu/8.2.0/../../../../x86_64-pc-linux-gnu/include"
ignoring duplicate directory "/cvmfs/sft.cern.ch/lcg/releases/gcc/8.2.0-3fa06/x86_64-centos7/bin/../lib/gcc/../../lib/gcc/x86_64-pc-linux-gnu/8.2.0/include"
ignoring duplicate directory "/cvmfs/sft.cern.ch/lcg/releases/gcc/8.2.0-3fa06/x86_64-centos7/bin/../lib/gcc/../../include"
ignoring duplicate directory "/cvmfs/sft.cern.ch/lcg/releases/gcc/8.2.0-3fa06/x86_64-centos7/bin/../lib/gcc/../../lib/gcc/x86_64-pc-linux-gnu/8.2.0/include-fixed"
ignoring nonexistent directory "/cvmfs/sft.cern.ch/lcg/releases/gcc/8.2.0-3fa06/x86_64-centos7/bin/../lib/gcc/../../lib/gcc/x86_64-pc-linux-gnu/8.2.0/../../../../x86_64-pc-linux-gnu/include"
#include "..." search starts here:
#include <...> search starts here:
 /cvmfs/sft.cern.ch/lcg/releases/gcc/8.2.0-3fa06/x86_64-centos7/include
 /cvmfs/sft.cern.ch/lcg/releases/gcc/8.2.0-3fa06/x86_64-centos7/bin/../lib/gcc/x86_64-pc-linux-gnu/8.2.0/include
 /cvmfs/sft.cern.ch/lcg/releases/gcc/8.2.0-3fa06/x86_64-centos7/bin/../lib/gcc/x86_64-pc-linux-gnu/8.2.0/include-fixed
 /usr/local/include
 /usr/include
End of search list.
GNU C17 (GCC) version 8.2.0 (x86_64-pc-linux-gnu)
	compiled by GNU C version 8.2.0, GMP version 6.1.0, MPFR version 3.1.4, MPC version 1.0.3, isl version isl-0.18-GMP

GGC heuristics: --param ggc-min-expand=100 --param ggc-min-heapsize=131072
Compiler executable checksum: 9c89e30d7138ce48871612521942fabb
COLLECT_GCC_OPTIONS='-v' '-o' 'CMakeFiles/cmTC_40cdd.dir/CMakeCCompilerABI.c.o' '-c' '-mtune=generic' '-march=x86-64'
 as -v --64 -o CMakeFiles/cmTC_40cdd.dir/CMakeCCompilerABI.c.o /tmp/marherje/ccbp3W8i.s
GNU assembler version 2.30 (x86_64-pc-linux-gnu) using BFD version (GNU Binutils) 2.30
COMPILER_PATH=/cvmfs/sft.cern.ch/lcg/releases/gcc/8.2.0-3fa06/x86_64-centos7/bin/../libexec/gcc/x86_64-pc-linux-gnu/8.2.0/:/cvmfs/sft.cern.ch/lcg/releases/gcc/8.2.0-3fa06/x86_64-centos7/bin/../libexec/gcc/:/cvmfs/sft.cern.ch/lcg/releases/gcc/8.2.0-3fa06/x86_64-centos7/
LIBRARY_PATH=/cvmfs/sft.cern.ch/lcg/releases/gcc/8.2.0-3fa06/x86_64-centos7/bin/../lib/gcc/x86_64-pc-linux-gnu/8.2.0/:/cvmfs/sft.cern.ch/lcg/releases/gcc/8.2.0-3fa06/x86_64-centos7/bin/../lib/gcc/:/cvmfs/sft.cern.ch/lcg/releases/gcc/8.2.0-3fa06/x86_64-centos7/bin/../lib/gcc/x86_64-pc-linux-gnu/8.2.0/../../../../lib64/:/lib/../lib64/:/usr/lib/../lib64/:/cvmfs/sft.cern.ch/lcg/releases/gcc/8.2.0-3fa06/x86_64-centos7/bin/../lib/gcc/x86_64-pc-linux-gnu/8.2.0/../../../:/lib/:/usr/lib/
COLLECT_GCC_OPTIONS='-v' '-o' 'CMakeFiles/cmTC_40cdd.dir/CMakeCCompilerABI.c.o' '-c' '-mtune=generic' '-march=x86-64'
Linking C executable cmTC_40cdd
/cvmfs/ilc.desy.de/sw/x86_64_gcc82_centos7/CMake/3.15.5/bin/cmake -E cmake_link_script CMakeFiles/cmTC_40cdd.dir/link.txt --verbose=1
/cvmfs/sft.cern.ch/lcg/releases/gcc/8.2.0-3fa06/x86_64-centos7/bin/gcc     -v -rdynamic CMakeFiles/cmTC_40cdd.dir/CMakeCCompilerABI.c.o  -o cmTC_40cdd 
Using built-in specs.
COLLECT_GCC=/cvmfs/sft.cern.ch/lcg/releases/gcc/8.2.0-3fa06/x86_64-centos7/bin/gcc
COLLECT_LTO_WRAPPER=/cvmfs/sft.cern.ch/lcg/releases/gcc/8.2.0-3fa06/x86_64-centos7/bin/../libexec/gcc/x86_64-pc-linux-gnu/8.2.0/lto-wrapper
Target: x86_64-pc-linux-gnu
Configured with: /afs/cern.ch/cms/CAF/CMSCOMM/COMM_ECAL/dkonst/GCC/build/contrib/gcc-8.2.0/src/gcc/8.2.0/configure --prefix=/afs/cern.ch/cms/CAF/CMSCOMM/COMM_ECAL/dkonst/GCC/lcgcmake-install/gcc/8.2.0/x86_64-centos7 -with-system-zlib --disable-multilib --enable-languages=all --with-gnu-ld --with-ld=/afs/cern.ch/cms/CAF/CMSCOMM/COMM_ECAL/dkonst/GCC/lcgcmake-install/binutils/2.30/x86_64-centos7/bin/ld --with-gnu-as --with-as=/afs/cern.ch/cms/CAF/CMSCOMM/COMM_ECAL/dkonst/GCC/lcgcmake-install/binutils/2.30/x86_64-centos7/bin/as
Thread model: posix
gcc version 8.2.0 (GCC) 
COMPILER_PATH=/cvmfs/sft.cern.ch/lcg/releases/gcc/8.2.0-3fa06/x86_64-centos7/bin/../libexec/gcc/x86_64-pc-linux-gnu/8.2.0/:/cvmfs/sft.cern.ch/lcg/releases/gcc/8.2.0-3fa06/x86_64-centos7/bin/../libexec/gcc/:/cvmfs/sft.cern.ch/lcg/releases/gcc/8.2.0-3fa06/x86_64-centos7/
LIBRARY_PATH=/cvmfs/sft.cern.ch/lcg/releases/gcc/8.2.0-3fa06/x86_64-centos7/bin/../lib/gcc/x86_64-pc-linux-gnu/8.2.0/:/cvmfs/sft.cern.ch/lcg/releases/gcc/8.2.0-3fa06/x86_64-centos7/bin/../lib/gcc/:/cvmfs/sft.cern.ch/lcg/releases/gcc/8.2.0-3fa06/x86_64-centos7/bin/../lib/gcc/x86_64-pc-linux-gnu/8.2.0/../../../../lib64/:/lib/../lib64/:/usr/lib/../lib64/:/cvmfs/sft.cern.ch/lcg/releases/gcc/8.2.0-3fa06/x86_64-centos7/bin/../lib/gcc/x86_64-pc-linux-gnu/8.2.0/../../../:/lib/:/usr/lib/
COLLECT_GCC_OPTIONS='-v' '-rdynamic' '-o' 'cmTC_40cdd' '-mtune=generic' '-march=x86-64'
 /cvmfs/sft.cern.ch/lcg/releases/gcc/8.2.0-3fa06/x86_64-centos7/bin/../libexec/gcc/x86_64-pc-linux-gnu/8.2.0/collect2 -plugin /cvmfs/sft.cern.ch/lcg/releases/gcc/8.2.0-3fa06/x86_64-centos7/bin/../libexec/gcc/x86_64-pc-linux-gnu/8.2.0/liblto_plugin.so -plugin-opt=/cvmfs/sft.cern.ch/lcg/releases/gcc/8.2.0-3fa06/x86_64-centos7/bin/../libexec/gcc/x86_64-pc-linux-gnu/8.2.0/lto-wrapper -plugin-opt=-fresolution=/tmp/marherje/ccm6vFSl.res -plugin-opt=-pass-through=-lgcc -plugin-opt=-pass-through=-lgcc_s -plugin-opt=-pass-through=-lc -plugin-opt=-pass-through=-lgcc -plugin-opt=-pass-through=-lgcc_s --eh-frame-hdr -m elf_x86_64 -export-dynamic -dynamic-linker /lib64/ld-linux-x86-64.so.2 -o cmTC_40cdd /lib/../lib64/crt1.o /lib/../lib64/crti.o /cvmfs/sft.cern.ch/lcg/releases/gcc/8.2.0-3fa06/x86_64-centos7/bin/../lib/gcc/x86_64-pc-linux-gnu/8.2.0/crtbegin.o -L/cvmfs/sft.cern.ch/lcg/releases/gcc/8.2.0-3fa06/x86_64-centos7/bin/../lib/gcc/x86_64-pc-linux-gnu/8.2.0 -L/cvmfs/sft.cern.ch/lcg/releases/gcc/8.2.0-3fa06/x86_64-centos7/bin/../lib/gcc -L/cvmfs/sft.cern.ch/lcg/releases/gcc/8.2.0-3fa06/x86_64-centos7/bin/../lib/gcc/x86_64-pc-linux-gnu/8.2.0/../../../../lib64 -L/lib/../lib64 -L/usr/lib/../lib64 -L/cvmfs/sft.cern.ch/lcg/releases/gcc/8.2.0-3fa06/x86_64-centos7/bin/../lib/gcc/x86_64-pc-linux-gnu/8.2.0/../../.. CMakeFiles/cmTC_40cdd.dir/CMakeCCompilerABI.c.o -lgcc --as-needed -lgcc_s --no-as-needed -lc -lgcc --as-needed -lgcc_s --no-as-needed /cvmfs/sft.cern.ch/lcg/releases/gcc/8.2.0-3fa06/x86_64-centos7/bin/../lib/gcc/x86_64-pc-linux-gnu/8.2.0/crtend.o /lib/../lib64/crtn.o
COLLECT_GCC_OPTIONS='-v' '-rdynamic' '-o' 'cmTC_40cdd' '-mtune=generic' '-march=x86-64'
gmake[1]: Leaving directory `/lhome/ific/m/marherje/SiWECAL_p_AHCAL_Sim/processors/ECAL/LCIO2BuildProcessor/build/CMakeFiles/CMakeTmp'



Parsed C implicit include dir info from above output: rv=done
  found start of include info
  found start of implicit include info
    add: [/cvmfs/sft.cern.ch/lcg/releases/gcc/8.2.0-3fa06/x86_64-centos7/include]
    add: [/cvmfs/sft.cern.ch/lcg/releases/gcc/8.2.0-3fa06/x86_64-centos7/bin/../lib/gcc/x86_64-pc-linux-gnu/8.2.0/include]
    add: [/cvmfs/sft.cern.ch/lcg/releases/gcc/8.2.0-3fa06/x86_64-centos7/bin/../lib/gcc/x86_64-pc-linux-gnu/8.2.0/include-fixed]
    add: [/usr/local/include]
    add: [/usr/include]
  end of search list found
  collapse include dir [/cvmfs/sft.cern.ch/lcg/releases/gcc/8.2.0-3fa06/x86_64-centos7/include] ==> [/cvmfs/sft.cern.ch/lcg/releases/gcc/8.2.0-3fa06/x86_64-centos7/include]
  collapse include dir [/cvmfs/sft.cern.ch/lcg/releases/gcc/8.2.0-3fa06/x86_64-centos7/bin/../lib/gcc/x86_64-pc-linux-gnu/8.2.0/include] ==> [/cvmfs/sft.cern.ch/lcg/releases/gcc/8.2.0-3fa06/x86_64-centos7/lib/gcc/x86_64-pc-linux-gnu/8.2.0/include]
  collapse include dir [/cvmfs/sft.cern.ch/lcg/releases/gcc/8.2.0-3fa06/x86_64-centos7/bin/../lib/gcc/x86_64-pc-linux-gnu/8.2.0/include-fixed] ==> [/cvmfs/sft.cern.ch/lcg/releases/gcc/8.2.0-3fa06/x86_64-centos7/lib/gcc/x86_64-pc-linux-gnu/8.2.0/include-fixed]
  collapse include dir [/usr/local/include] ==> [/usr/local/include]
  collapse include dir [/usr/include] ==> [/usr/include]
  implicit include dirs: [/cvmfs/sft.cern.ch/lcg/releases/gcc/8.2.0-3fa06/x86_64-centos7/include;/cvmfs/sft.cern.ch/lcg/releases/gcc/8.2.0-3fa06/x86_64-centos7/lib/gcc/x86_64-pc-linux-gnu/8.2.0/include;/cvmfs/sft.cern.ch/lcg/releases/gcc/8.2.0-3fa06/x86_64-centos7/lib/gcc/x86_64-pc-linux-gnu/8.2.0/include-fixed;/usr/local/include;/usr/include]


Parsed C implicit link information from above output:
  link line regex: [^( *|.*[/\])(ld|CMAKE_LINK_STARTFILE-NOTFOUND|([^/\]+-)?ld|collect2)[^/\]*( |$)]
  ignore line: [Change Dir: /lhome/ific/m/marherje/SiWECAL_p_AHCAL_Sim/processors/ECAL/LCIO2BuildProcessor/build/CMakeFiles/CMakeTmp]
  ignore line: []
  ignore line: [Run Build Command(s):/bin/gmake cmTC_40cdd/fast && /bin/gmake -f CMakeFiles/cmTC_40cdd.dir/build.make CMakeFiles/cmTC_40cdd.dir/build]
  ignore line: [gmake[1]: Entering directory `/lhome/ific/m/marherje/SiWECAL_p_AHCAL_Sim/processors/ECAL/LCIO2BuildProcessor/build/CMakeFiles/CMakeTmp']
  ignore line: [Building C object CMakeFiles/cmTC_40cdd.dir/CMakeCCompilerABI.c.o]
  ignore line: [/cvmfs/sft.cern.ch/lcg/releases/gcc/8.2.0-3fa06/x86_64-centos7/bin/gcc   -v -o CMakeFiles/cmTC_40cdd.dir/CMakeCCompilerABI.c.o   -c /cvmfs/ilc.desy.de/sw/x86_64_gcc82_centos7/CMake/3.15.5/share/cmake-3.15/Modules/CMakeCCompilerABI.c]
  ignore line: [Using built-in specs.]
  ignore line: [COLLECT_GCC=/cvmfs/sft.cern.ch/lcg/releases/gcc/8.2.0-3fa06/x86_64-centos7/bin/gcc]
  ignore line: [Target: x86_64-pc-linux-gnu]
  ignore line: [Configured with: /afs/cern.ch/cms/CAF/CMSCOMM/COMM_ECAL/dkonst/GCC/build/contrib/gcc-8.2.0/src/gcc/8.2.0/configure --prefix=/afs/cern.ch/cms/CAF/CMSCOMM/COMM_ECAL/dkonst/GCC/lcgcmake-install/gcc/8.2.0/x86_64-centos7 -with-system-zlib --disable-multilib --enable-languages=all --with-gnu-ld --with-ld=/afs/cern.ch/cms/CAF/CMSCOMM/COMM_ECAL/dkonst/GCC/lcgcmake-install/binutils/2.30/x86_64-centos7/bin/ld --with-gnu-as --with-as=/afs/cern.ch/cms/CAF/CMSCOMM/COMM_ECAL/dkonst/GCC/lcgcmake-install/binutils/2.30/x86_64-centos7/bin/as]
  ignore line: [Thread model: posix]
  ignore line: [gcc version 8.2.0 (GCC) ]
  ignore line: [COLLECT_GCC_OPTIONS='-v' '-o' 'CMakeFiles/cmTC_40cdd.dir/CMakeCCompilerABI.c.o' '-c' '-mtune=generic' '-march=x86-64']
  ignore line: [ /cvmfs/sft.cern.ch/lcg/releases/gcc/8.2.0-3fa06/x86_64-centos7/bin/../libexec/gcc/x86_64-pc-linux-gnu/8.2.0/cc1 -quiet -v -iprefix /cvmfs/sft.cern.ch/lcg/releases/gcc/8.2.0-3fa06/x86_64-centos7/bin/../lib/gcc/x86_64-pc-linux-gnu/8.2.0/ -isystem /cvmfs/sft.cern.ch/lcg/releases/gcc/8.2.0-3fa06/x86_64-centos7/include /cvmfs/ilc.desy.de/sw/x86_64_gcc82_centos7/CMake/3.15.5/share/cmake-3.15/Modules/CMakeCCompilerABI.c -quiet -dumpbase CMakeCCompilerABI.c -mtune=generic -march=x86-64 -auxbase-strip CMakeFiles/cmTC_40cdd.dir/CMakeCCompilerABI.c.o -version -o /tmp/marherje/ccbp3W8i.s]
  ignore line: [GNU C17 (GCC) version 8.2.0 (x86_64-pc-linux-gnu)]
  ignore line: [	compiled by GNU C version 8.2.0, GMP version 6.1.0, MPFR version 3.1.4, MPC version 1.0.3, isl version isl-0.18-GMP]
  ignore line: []
  ignore line: [GGC heuristics: --param ggc-min-expand=100 --param ggc-min-heapsize=131072]
  ignore line: [ignoring nonexistent directory "/cvmfs/sft.cern.ch/lcg/releases/gcc/8.2.0-3fa06/x86_64-centos7/bin/../lib/gcc/x86_64-pc-linux-gnu/8.2.0/../../../../x86_64-pc-linux-gnu/include"]
  ignore line: [ignoring duplicate directory "/cvmfs/sft.cern.ch/lcg/releases/gcc/8.2.0-3fa06/x86_64-centos7/bin/../lib/gcc/../../lib/gcc/x86_64-pc-linux-gnu/8.2.0/include"]
  ignore line: [ignoring duplicate directory "/cvmfs/sft.cern.ch/lcg/releases/gcc/8.2.0-3fa06/x86_64-centos7/bin/../lib/gcc/../../include"]
  ignore line: [ignoring duplicate directory "/cvmfs/sft.cern.ch/lcg/releases/gcc/8.2.0-3fa06/x86_64-centos7/bin/../lib/gcc/../../lib/gcc/x86_64-pc-linux-gnu/8.2.0/include-fixed"]
  ignore line: [ignoring nonexistent directory "/cvmfs/sft.cern.ch/lcg/releases/gcc/8.2.0-3fa06/x86_64-centos7/bin/../lib/gcc/../../lib/gcc/x86_64-pc-linux-gnu/8.2.0/../../../../x86_64-pc-linux-gnu/include"]
  ignore line: [#include "..." search starts here:]
  ignore line: [#include <...> search starts here:]
  ignore line: [ /cvmfs/sft.cern.ch/lcg/releases/gcc/8.2.0-3fa06/x86_64-centos7/include]
  ignore line: [ /cvmfs/sft.cern.ch/lcg/releases/gcc/8.2.0-3fa06/x86_64-centos7/bin/../lib/gcc/x86_64-pc-linux-gnu/8.2.0/include]
  ignore line: [ /cvmfs/sft.cern.ch/lcg/releases/gcc/8.2.0-3fa06/x86_64-centos7/bin/../lib/gcc/x86_64-pc-linux-gnu/8.2.0/include-fixed]
  ignore line: [ /usr/local/include]
  ignore line: [ /usr/include]
  ignore line: [End of search list.]
  ignore line: [GNU C17 (GCC) version 8.2.0 (x86_64-pc-linux-gnu)]
  ignore line: [	compiled by GNU C version 8.2.0, GMP version 6.1.0, MPFR version 3.1.4, MPC version 1.0.3, isl version isl-0.18-GMP]
  ignore line: []
  ignore line: [GGC heuristics: --param ggc-min-expand=100 --param ggc-min-heapsize=131072]
  ignore line: [Compiler executable checksum: 9c89e30d7138ce48871612521942fabb]
  ignore line: [COLLECT_GCC_OPTIONS='-v' '-o' 'CMakeFiles/cmTC_40cdd.dir/CMakeCCompilerABI.c.o' '-c' '-mtune=generic' '-march=x86-64']
  ignore line: [ as -v --64 -o CMakeFiles/cmTC_40cdd.dir/CMakeCCompilerABI.c.o /tmp/marherje/ccbp3W8i.s]
  ignore line: [GNU assembler version 2.30 (x86_64-pc-linux-gnu) using BFD version (GNU Binutils) 2.30]
  ignore line: [COMPILER_PATH=/cvmfs/sft.cern.ch/lcg/releases/gcc/8.2.0-3fa06/x86_64-centos7/bin/../libexec/gcc/x86_64-pc-linux-gnu/8.2.0/:/cvmfs/sft.cern.ch/lcg/releases/gcc/8.2.0-3fa06/x86_64-centos7/bin/../libexec/gcc/:/cvmfs/sft.cern.ch/lcg/releases/gcc/8.2.0-3fa06/x86_64-centos7/]
  ignore line: [LIBRARY_PATH=/cvmfs/sft.cern.ch/lcg/releases/gcc/8.2.0-3fa06/x86_64-centos7/bin/../lib/gcc/x86_64-pc-linux-gnu/8.2.0/:/cvmfs/sft.cern.ch/lcg/releases/gcc/8.2.0-3fa06/x86_64-centos7/bin/../lib/gcc/:/cvmfs/sft.cern.ch/lcg/releases/gcc/8.2.0-3fa06/x86_64-centos7/bin/../lib/gcc/x86_64-pc-linux-gnu/8.2.0/../../../../lib64/:/lib/../lib64/:/usr/lib/../lib64/:/cvmfs/sft.cern.ch/lcg/releases/gcc/8.2.0-3fa06/x86_64-centos7/bin/../lib/gcc/x86_64-pc-linux-gnu/8.2.0/../../../:/lib/:/usr/lib/]
  ignore line: [COLLECT_GCC_OPTIONS='-v' '-o' 'CMakeFiles/cmTC_40cdd.dir/CMakeCCompilerABI.c.o' '-c' '-mtune=generic' '-march=x86-64']
  ignore line: [Linking C executable cmTC_40cdd]
  ignore line: [/cvmfs/ilc.desy.de/sw/x86_64_gcc82_centos7/CMake/3.15.5/bin/cmake -E cmake_link_script CMakeFiles/cmTC_40cdd.dir/link.txt --verbose=1]
  ignore line: [/cvmfs/sft.cern.ch/lcg/releases/gcc/8.2.0-3fa06/x86_64-centos7/bin/gcc     -v -rdynamic CMakeFiles/cmTC_40cdd.dir/CMakeCCompilerABI.c.o  -o cmTC_40cdd ]
  ignore line: [Using built-in specs.]
  ignore line: [COLLECT_GCC=/cvmfs/sft.cern.ch/lcg/releases/gcc/8.2.0-3fa06/x86_64-centos7/bin/gcc]
  ignore line: [COLLECT_LTO_WRAPPER=/cvmfs/sft.cern.ch/lcg/releases/gcc/8.2.0-3fa06/x86_64-centos7/bin/../libexec/gcc/x86_64-pc-linux-gnu/8.2.0/lto-wrapper]
  ignore line: [Target: x86_64-pc-linux-gnu]
  ignore line: [Configured with: /afs/cern.ch/cms/CAF/CMSCOMM/COMM_ECAL/dkonst/GCC/build/contrib/gcc-8.2.0/src/gcc/8.2.0/configure --prefix=/afs/cern.ch/cms/CAF/CMSCOMM/COMM_ECAL/dkonst/GCC/lcgcmake-install/gcc/8.2.0/x86_64-centos7 -with-system-zlib --disable-multilib --enable-languages=all --with-gnu-ld --with-ld=/afs/cern.ch/cms/CAF/CMSCOMM/COMM_ECAL/dkonst/GCC/lcgcmake-install/binutils/2.30/x86_64-centos7/bin/ld --with-gnu-as --with-as=/afs/cern.ch/cms/CAF/CMSCOMM/COMM_ECAL/dkonst/GCC/lcgcmake-install/binutils/2.30/x86_64-centos7/bin/as]
  ignore line: [Thread model: posix]
  ignore line: [gcc version 8.2.0 (GCC) ]
  ignore line: [COMPILER_PATH=/cvmfs/sft.cern.ch/lcg/releases/gcc/8.2.0-3fa06/x86_64-centos7/bin/../libexec/gcc/x86_64-pc-linux-gnu/8.2.0/:/cvmfs/sft.cern.ch/lcg/releases/gcc/8.2.0-3fa06/x86_64-centos7/bin/../libexec/gcc/:/cvmfs/sft.cern.ch/lcg/releases/gcc/8.2.0-3fa06/x86_64-centos7/]
  ignore line: [LIBRARY_PATH=/cvmfs/sft.cern.ch/lcg/releases/gcc/8.2.0-3fa06/x86_64-centos7/bin/../lib/gcc/x86_64-pc-linux-gnu/8.2.0/:/cvmfs/sft.cern.ch/lcg/releases/gcc/8.2.0-3fa06/x86_64-centos7/bin/../lib/gcc/:/cvmfs/sft.cern.ch/lcg/releases/gcc/8.2.0-3fa06/x86_64-centos7/bin/../lib/gcc/x86_64-pc-linux-gnu/8.2.0/../../../../lib64/:/lib/../lib64/:/usr/lib/../lib64/:/cvmfs/sft.cern.ch/lcg/releases/gcc/8.2.0-3fa06/x86_64-centos7/bin/../lib/gcc/x86_64-pc-linux-gnu/8.2.0/../../../:/lib/:/usr/lib/]
  ignore line: [COLLECT_GCC_OPTIONS='-v' '-rdynamic' '-o' 'cmTC_40cdd' '-mtune=generic' '-march=x86-64']
  link line: [ /cvmfs/sft.cern.ch/lcg/releases/gcc/8.2.0-3fa06/x86_64-centos7/bin/../libexec/gcc/x86_64-pc-linux-gnu/8.2.0/collect2 -plugin /cvmfs/sft.cern.ch/lcg/releases/gcc/8.2.0-3fa06/x86_64-centos7/bin/../libexec/gcc/x86_64-pc-linux-gnu/8.2.0/liblto_plugin.so -plugin-opt=/cvmfs/sft.cern.ch/lcg/releases/gcc/8.2.0-3fa06/x86_64-centos7/bin/../libexec/gcc/x86_64-pc-linux-gnu/8.2.0/lto-wrapper -plugin-opt=-fresolution=/tmp/marherje/ccm6vFSl.res -plugin-opt=-pass-through=-lgcc -plugin-opt=-pass-through=-lgcc_s -plugin-opt=-pass-through=-lc -plugin-opt=-pass-through=-lgcc -plugin-opt=-pass-through=-lgcc_s --eh-frame-hdr -m elf_x86_64 -export-dynamic -dynamic-linker /lib64/ld-linux-x86-64.so.2 -o cmTC_40cdd /lib/../lib64/crt1.o /lib/../lib64/crti.o /cvmfs/sft.cern.ch/lcg/releases/gcc/8.2.0-3fa06/x86_64-centos7/bin/../lib/gcc/x86_64-pc-linux-gnu/8.2.0/crtbegin.o -L/cvmfs/sft.cern.ch/lcg/releases/gcc/8.2.0-3fa06/x86_64-centos7/bin/../lib/gcc/x86_64-pc-linux-gnu/8.2.0 -L/cvmfs/sft.cern.ch/lcg/releases/gcc/8.2.0-3fa06/x86_64-centos7/bin/../lib/gcc -L/cvmfs/sft.cern.ch/lcg/releases/gcc/8.2.0-3fa06/x86_64-centos7/bin/../lib/gcc/x86_64-pc-linux-gnu/8.2.0/../../../../lib64 -L/lib/../lib64 -L/usr/lib/../lib64 -L/cvmfs/sft.cern.ch/lcg/releases/gcc/8.2.0-3fa06/x86_64-centos7/bin/../lib/gcc/x86_64-pc-linux-gnu/8.2.0/../../.. CMakeFiles/cmTC_40cdd.dir/CMakeCCompilerABI.c.o -lgcc --as-needed -lgcc_s --no-as-needed -lc -lgcc --as-needed -lgcc_s --no-as-needed /cvmfs/sft.cern.ch/lcg/releases/gcc/8.2.0-3fa06/x86_64-centos7/bin/../lib/gcc/x86_64-pc-linux-gnu/8.2.0/crtend.o /lib/../lib64/crtn.o]
    arg [/cvmfs/sft.cern.ch/lcg/releases/gcc/8.2.0-3fa06/x86_64-centos7/bin/../libexec/gcc/x86_64-pc-linux-gnu/8.2.0/collect2] ==> ignore
    arg [-plugin] ==> ignore
    arg [/cvmfs/sft.cern.ch/lcg/releases/gcc/8.2.0-3fa06/x86_64-centos7/bin/../libexec/gcc/x86_64-pc-linux-gnu/8.2.0/liblto_plugin.so] ==> ignore
    arg [-plugin-opt=/cvmfs/sft.cern.ch/lcg/releases/gcc/8.2.0-3fa06/x86_64-centos7/bin/../libexec/gcc/x86_64-pc-linux-gnu/8.2.0/lto-wrapper] ==> ignore
    arg [-plugin-opt=-fresolution=/tmp/marherje/ccm6vFSl.res] ==> ignore
    arg [-plugin-opt=-pass-through=-lgcc] ==> ignore
    arg [-plugin-opt=-pass-through=-lgcc_s] ==> ignore
    arg [-plugin-opt=-pass-through=-lc] ==> ignore
    arg [-plugin-opt=-pass-through=-lgcc] ==> ignore
    arg [-plugin-opt=-pass-through=-lgcc_s] ==> ignore
    arg [--eh-frame-hdr] ==> ignore
    arg [-m] ==> ignore
    arg [elf_x86_64] ==> ignore
    arg [-export-dynamic] ==> ignore
    arg [-dynamic-linker] ==> ignore
    arg [/lib64/ld-linux-x86-64.so.2] ==> ignore
    arg [-o] ==> ignore
    arg [cmTC_40cdd] ==> ignore
    arg [/lib/../lib64/crt1.o] ==> ignore
    arg [/lib/../lib64/crti.o] ==> ignore
    arg [/cvmfs/sft.cern.ch/lcg/releases/gcc/8.2.0-3fa06/x86_64-centos7/bin/../lib/gcc/x86_64-pc-linux-gnu/8.2.0/crtbegin.o] ==> ignore
    arg [-L/cvmfs/sft.cern.ch/lcg/releases/gcc/8.2.0-3fa06/x86_64-centos7/bin/../lib/gcc/x86_64-pc-linux-gnu/8.2.0] ==> dir [/cvmfs/sft.cern.ch/lcg/releases/gcc/8.2.0-3fa06/x86_64-centos7/bin/../lib/gcc/x86_64-pc-linux-gnu/8.2.0]
    arg [-L/cvmfs/sft.cern.ch/lcg/releases/gcc/8.2.0-3fa06/x86_64-centos7/bin/../lib/gcc] ==> dir [/cvmfs/sft.cern.ch/lcg/releases/gcc/8.2.0-3fa06/x86_64-centos7/bin/../lib/gcc]
    arg [-L/cvmfs/sft.cern.ch/lcg/releases/gcc/8.2.0-3fa06/x86_64-centos7/bin/../lib/gcc/x86_64-pc-linux-gnu/8.2.0/../../../../lib64] ==> dir [/cvmfs/sft.cern.ch/lcg/releases/gcc/8.2.0-3fa06/x86_64-centos7/bin/../lib/gcc/x86_64-pc-linux-gnu/8.2.0/../../../../lib64]
    arg [-L/lib/../lib64] ==> dir [/lib/../lib64]
    arg [-L/usr/lib/../lib64] ==> dir [/usr/lib/../lib64]
    arg [-L/cvmfs/sft.cern.ch/lcg/releases/gcc/8.2.0-3fa06/x86_64-centos7/bin/../lib/gcc/x86_64-pc-linux-gnu/8.2.0/../../..] ==> dir [/cvmfs/sft.cern.ch/lcg/releases/gcc/8.2.0-3fa06/x86_64-centos7/bin/../lib/gcc/x86_64-pc-linux-gnu/8.2.0/../../..]
    arg [CMakeFiles/cmTC_40cdd.dir/CMakeCCompilerABI.c.o] ==> ignore
    arg [-lgcc] ==> lib [gcc]
    arg [--as-needed] ==> ignore
    arg [-lgcc_s] ==> lib [gcc_s]
    arg [--no-as-needed] ==> ignore
    arg [-lc] ==> lib [c]
    arg [-lgcc] ==> lib [gcc]
    arg [--as-needed] ==> ignore
    arg [-lgcc_s] ==> lib [gcc_s]
    arg [--no-as-needed] ==> ignore
    arg [/cvmfs/sft.cern.ch/lcg/releases/gcc/8.2.0-3fa06/x86_64-centos7/bin/../lib/gcc/x86_64-pc-linux-gnu/8.2.0/crtend.o] ==> ignore
    arg [/lib/../lib64/crtn.o] ==> ignore
  collapse library dir [/cvmfs/sft.cern.ch/lcg/releases/gcc/8.2.0-3fa06/x86_64-centos7/bin/../lib/gcc/x86_64-pc-linux-gnu/8.2.0] ==> [/cvmfs/sft.cern.ch/lcg/releases/gcc/8.2.0-3fa06/x86_64-centos7/lib/gcc/x86_64-pc-linux-gnu/8.2.0]
  collapse library dir [/cvmfs/sft.cern.ch/lcg/releases/gcc/8.2.0-3fa06/x86_64-centos7/bin/../lib/gcc] ==> [/cvmfs/sft.cern.ch/lcg/releases/gcc/8.2.0-3fa06/x86_64-centos7/lib/gcc]
  collapse library dir [/cvmfs/sft.cern.ch/lcg/releases/gcc/8.2.0-3fa06/x86_64-centos7/bin/../lib/gcc/x86_64-pc-linux-gnu/8.2.0/../../../../lib64] ==> [/cvmfs/sft.cern.ch/lcg/releases/gcc/8.2.0-3fa06/x86_64-centos7/lib64]
  collapse library dir [/lib/../lib64] ==> [/lib64]
  collapse library dir [/usr/lib/../lib64] ==> [/usr/lib64]
  collapse library dir [/cvmfs/sft.cern.ch/lcg/releases/gcc/8.2.0-3fa06/x86_64-centos7/bin/../lib/gcc/x86_64-pc-linux-gnu/8.2.0/../../..] ==> [/cvmfs/sft.cern.ch/lcg/releases/gcc/8.2.0-3fa06/x86_64-centos7/lib]
  implicit libs: [gcc;gcc_s;c;gcc;gcc_s]
  implicit dirs: [/cvmfs/sft.cern.ch/lcg/releases/gcc/8.2.0-3fa06/x86_64-centos7/lib/gcc/x86_64-pc-linux-gnu/8.2.0;/cvmfs/sft.cern.ch/lcg/releases/gcc/8.2.0-3fa06/x86_64-centos7/lib/gcc;/cvmfs/sft.cern.ch/lcg/releases/gcc/8.2.0-3fa06/x86_64-centos7/lib64;/lib64;/usr/lib64;/cvmfs/sft.cern.ch/lcg/releases/gcc/8.2.0-3fa06/x86_64-centos7/lib]
  implicit fwks: []


Determining if the CXX compiler works passed with the following output:
Change Dir: /lhome/ific/m/marherje/SiWECAL_p_AHCAL_Sim/processors/ECAL/LCIO2BuildProcessor/build/CMakeFiles/CMakeTmp

Run Build Command(s):/bin/gmake cmTC_e9a83/fast && /bin/gmake -f CMakeFiles/cmTC_e9a83.dir/build.make CMakeFiles/cmTC_e9a83.dir/build
gmake[1]: se ingresa al directorio `/lhome/ific/m/marherje/SiWECAL_p_AHCAL_Sim/processors/ECAL/LCIO2BuildProcessor/build/CMakeFiles/CMakeTmp'
Building CXX object CMakeFiles/cmTC_e9a83.dir/testCXXCompiler.cxx.o
/cvmfs/sft.cern.ch/lcg/releases/gcc/8.2.0-3fa06/x86_64-centos7/bin/g++     -o CMakeFiles/cmTC_e9a83.dir/testCXXCompiler.cxx.o -c /lhome/ific/m/marherje/SiWECAL_p_AHCAL_Sim/processors/ECAL/LCIO2BuildProcessor/build/CMakeFiles/CMakeTmp/testCXXCompiler.cxx
Linking CXX executable cmTC_e9a83
/cvmfs/ilc.desy.de/sw/x86_64_gcc82_centos7/CMake/3.15.5/bin/cmake -E cmake_link_script CMakeFiles/cmTC_e9a83.dir/link.txt --verbose=1
/cvmfs/sft.cern.ch/lcg/releases/gcc/8.2.0-3fa06/x86_64-centos7/bin/g++       -rdynamic CMakeFiles/cmTC_e9a83.dir/testCXXCompiler.cxx.o  -o cmTC_e9a83 
gmake[1]: se sale del directorio `/lhome/ific/m/marherje/SiWECAL_p_AHCAL_Sim/processors/ECAL/LCIO2BuildProcessor/build/CMakeFiles/CMakeTmp'



Detecting CXX compiler ABI info compiled with the following output:
Change Dir: /lhome/ific/m/marherje/SiWECAL_p_AHCAL_Sim/processors/ECAL/LCIO2BuildProcessor/build/CMakeFiles/CMakeTmp

Run Build Command(s):/bin/gmake cmTC_06f7c/fast && /bin/gmake -f CMakeFiles/cmTC_06f7c.dir/build.make CMakeFiles/cmTC_06f7c.dir/build
gmake[1]: Entering directory `/lhome/ific/m/marherje/SiWECAL_p_AHCAL_Sim/processors/ECAL/LCIO2BuildProcessor/build/CMakeFiles/CMakeTmp'
Building CXX object CMakeFiles/cmTC_06f7c.dir/CMakeCXXCompilerABI.cpp.o
/cvmfs/sft.cern.ch/lcg/releases/gcc/8.2.0-3fa06/x86_64-centos7/bin/g++    -v -o CMakeFiles/cmTC_06f7c.dir/CMakeCXXCompilerABI.cpp.o -c /cvmfs/ilc.desy.de/sw/x86_64_gcc82_centos7/CMake/3.15.5/share/cmake-3.15/Modules/CMakeCXXCompilerABI.cpp
Using built-in specs.
COLLECT_GCC=/cvmfs/sft.cern.ch/lcg/releases/gcc/8.2.0-3fa06/x86_64-centos7/bin/g++
Target: x86_64-pc-linux-gnu
Configured with: /afs/cern.ch/cms/CAF/CMSCOMM/COMM_ECAL/dkonst/GCC/build/contrib/gcc-8.2.0/src/gcc/8.2.0/configure --prefix=/afs/cern.ch/cms/CAF/CMSCOMM/COMM_ECAL/dkonst/GCC/lcgcmake-install/gcc/8.2.0/x86_64-centos7 -with-system-zlib --disable-multilib --enable-languages=all --with-gnu-ld --with-ld=/afs/cern.ch/cms/CAF/CMSCOMM/COMM_ECAL/dkonst/GCC/lcgcmake-install/binutils/2.30/x86_64-centos7/bin/ld --with-gnu-as --with-as=/afs/cern.ch/cms/CAF/CMSCOMM/COMM_ECAL/dkonst/GCC/lcgcmake-install/binutils/2.30/x86_64-centos7/bin/as
Thread model: posix
gcc version 8.2.0 (GCC) 
COLLECT_GCC_OPTIONS='-v' '-o' 'CMakeFiles/cmTC_06f7c.dir/CMakeCXXCompilerABI.cpp.o' '-c' '-shared-libgcc' '-mtune=generic' '-march=x86-64'
 /cvmfs/sft.cern.ch/lcg/releases/gcc/8.2.0-3fa06/x86_64-centos7/bin/../libexec/gcc/x86_64-pc-linux-gnu/8.2.0/cc1plus -quiet -v -iprefix /cvmfs/sft.cern.ch/lcg/releases/gcc/8.2.0-3fa06/x86_64-centos7/bin/../lib/gcc/x86_64-pc-linux-gnu/8.2.0/ -isystem /cvmfs/sft.cern.ch/lcg/releases/gcc/8.2.0-3fa06/x86_64-centos7/include -D_GNU_SOURCE /cvmfs/ilc.desy.de/sw/x86_64_gcc82_centos7/CMake/3.15.5/share/cmake-3.15/Modules/CMakeCXXCompilerABI.cpp -quiet -dumpbase CMakeCXXCompilerABI.cpp -mtune=generic -march=x86-64 -auxbase-strip CMakeFiles/cmTC_06f7c.dir/CMakeCXXCompilerABI.cpp.o -version -o /tmp/marherje/ccSp8pEe.s
GNU C++14 (GCC) version 8.2.0 (x86_64-pc-linux-gnu)
	compiled by GNU C version 8.2.0, GMP version 6.1.0, MPFR version 3.1.4, MPC version 1.0.3, isl version isl-0.18-GMP

GGC heuristics: --param ggc-min-expand=100 --param ggc-min-heapsize=131072
ignoring nonexistent directory "/cvmfs/sft.cern.ch/lcg/releases/gcc/8.2.0-3fa06/x86_64-centos7/bin/../lib/gcc/x86_64-pc-linux-gnu/8.2.0/../../../../x86_64-pc-linux-gnu/include"
ignoring duplicate directory "/cvmfs/sft.cern.ch/lcg/releases/gcc/8.2.0-3fa06/x86_64-centos7/bin/../lib/gcc/../../lib/gcc/x86_64-pc-linux-gnu/8.2.0/../../../../include/c++/8.2.0"
ignoring duplicate directory "/cvmfs/sft.cern.ch/lcg/releases/gcc/8.2.0-3fa06/x86_64-centos7/bin/../lib/gcc/../../lib/gcc/x86_64-pc-linux-gnu/8.2.0/../../../../include/c++/8.2.0/x86_64-pc-linux-gnu"
ignoring duplicate directory "/cvmfs/sft.cern.ch/lcg/releases/gcc/8.2.0-3fa06/x86_64-centos7/bin/../lib/gcc/../../lib/gcc/x86_64-pc-linux-gnu/8.2.0/../../../../include/c++/8.2.0/backward"
ignoring duplicate directory "/cvmfs/sft.cern.ch/lcg/releases/gcc/8.2.0-3fa06/x86_64-centos7/bin/../lib/gcc/../../lib/gcc/x86_64-pc-linux-gnu/8.2.0/include"
ignoring duplicate directory "/cvmfs/sft.cern.ch/lcg/releases/gcc/8.2.0-3fa06/x86_64-centos7/bin/../lib/gcc/../../include"
ignoring duplicate directory "/cvmfs/sft.cern.ch/lcg/releases/gcc/8.2.0-3fa06/x86_64-centos7/bin/../lib/gcc/../../lib/gcc/x86_64-pc-linux-gnu/8.2.0/include-fixed"
ignoring nonexistent directory "/cvmfs/sft.cern.ch/lcg/releases/gcc/8.2.0-3fa06/x86_64-centos7/bin/../lib/gcc/../../lib/gcc/x86_64-pc-linux-gnu/8.2.0/../../../../x86_64-pc-linux-gnu/include"
#include "..." search starts here:
#include <...> search starts here:
 /cvmfs/sft.cern.ch/lcg/releases/gcc/8.2.0-3fa06/x86_64-centos7/include
 /cvmfs/sft.cern.ch/lcg/releases/gcc/8.2.0-3fa06/x86_64-centos7/bin/../lib/gcc/x86_64-pc-linux-gnu/8.2.0/../../../../include/c++/8.2.0
 /cvmfs/sft.cern.ch/lcg/releases/gcc/8.2.0-3fa06/x86_64-centos7/bin/../lib/gcc/x86_64-pc-linux-gnu/8.2.0/../../../../include/c++/8.2.0/x86_64-pc-linux-gnu
 /cvmfs/sft.cern.ch/lcg/releases/gcc/8.2.0-3fa06/x86_64-centos7/bin/../lib/gcc/x86_64-pc-linux-gnu/8.2.0/../../../../include/c++/8.2.0/backward
 /cvmfs/sft.cern.ch/lcg/releases/gcc/8.2.0-3fa06/x86_64-centos7/bin/../lib/gcc/x86_64-pc-linux-gnu/8.2.0/include
 /cvmfs/sft.cern.ch/lcg/releases/gcc/8.2.0-3fa06/x86_64-centos7/bin/../lib/gcc/x86_64-pc-linux-gnu/8.2.0/include-fixed
 /usr/local/include
 /usr/include
End of search list.
GNU C++14 (GCC) version 8.2.0 (x86_64-pc-linux-gnu)
	compiled by GNU C version 8.2.0, GMP version 6.1.0, MPFR version 3.1.4, MPC version 1.0.3, isl version isl-0.18-GMP

GGC heuristics: --param ggc-min-expand=100 --param ggc-min-heapsize=131072
Compiler executable checksum: 070e67e9ba8aa43ec95f43bd9e04daca
COLLECT_GCC_OPTIONS='-v' '-o' 'CMakeFiles/cmTC_06f7c.dir/CMakeCXXCompilerABI.cpp.o' '-c' '-shared-libgcc' '-mtune=generic' '-march=x86-64'
 as -v --64 -o CMakeFiles/cmTC_06f7c.dir/CMakeCXXCompilerABI.cpp.o /tmp/marherje/ccSp8pEe.s
GNU assembler version 2.30 (x86_64-pc-linux-gnu) using BFD version (GNU Binutils) 2.30
COMPILER_PATH=/cvmfs/sft.cern.ch/lcg/releases/gcc/8.2.0-3fa06/x86_64-centos7/bin/../libexec/gcc/x86_64-pc-linux-gnu/8.2.0/:/cvmfs/sft.cern.ch/lcg/releases/gcc/8.2.0-3fa06/x86_64-centos7/bin/../libexec/gcc/:/cvmfs/sft.cern.ch/lcg/releases/gcc/8.2.0-3fa06/x86_64-centos7/
LIBRARY_PATH=/cvmfs/sft.cern.ch/lcg/releases/gcc/8.2.0-3fa06/x86_64-centos7/bin/../lib/gcc/x86_64-pc-linux-gnu/8.2.0/:/cvmfs/sft.cern.ch/lcg/releases/gcc/8.2.0-3fa06/x86_64-centos7/bin/../lib/gcc/:/cvmfs/sft.cern.ch/lcg/releases/gcc/8.2.0-3fa06/x86_64-centos7/bin/../lib/gcc/x86_64-pc-linux-gnu/8.2.0/../../../../lib64/:/lib/../lib64/:/usr/lib/../lib64/:/cvmfs/sft.cern.ch/lcg/releases/gcc/8.2.0-3fa06/x86_64-centos7/bin/../lib/gcc/x86_64-pc-linux-gnu/8.2.0/../../../:/lib/:/usr/lib/
COLLECT_GCC_OPTIONS='-v' '-o' 'CMakeFiles/cmTC_06f7c.dir/CMakeCXXCompilerABI.cpp.o' '-c' '-shared-libgcc' '-mtune=generic' '-march=x86-64'
Linking CXX executable cmTC_06f7c
/cvmfs/ilc.desy.de/sw/x86_64_gcc82_centos7/CMake/3.15.5/bin/cmake -E cmake_link_script CMakeFiles/cmTC_06f7c.dir/link.txt --verbose=1
/cvmfs/sft.cern.ch/lcg/releases/gcc/8.2.0-3fa06/x86_64-centos7/bin/g++      -v -rdynamic CMakeFiles/cmTC_06f7c.dir/CMakeCXXCompilerABI.cpp.o  -o cmTC_06f7c 
Using built-in specs.
COLLECT_GCC=/cvmfs/sft.cern.ch/lcg/releases/gcc/8.2.0-3fa06/x86_64-centos7/bin/g++
COLLECT_LTO_WRAPPER=/cvmfs/sft.cern.ch/lcg/releases/gcc/8.2.0-3fa06/x86_64-centos7/bin/../libexec/gcc/x86_64-pc-linux-gnu/8.2.0/lto-wrapper
Target: x86_64-pc-linux-gnu
Configured with: /afs/cern.ch/cms/CAF/CMSCOMM/COMM_ECAL/dkonst/GCC/build/contrib/gcc-8.2.0/src/gcc/8.2.0/configure --prefix=/afs/cern.ch/cms/CAF/CMSCOMM/COMM_ECAL/dkonst/GCC/lcgcmake-install/gcc/8.2.0/x86_64-centos7 -with-system-zlib --disable-multilib --enable-languages=all --with-gnu-ld --with-ld=/afs/cern.ch/cms/CAF/CMSCOMM/COMM_ECAL/dkonst/GCC/lcgcmake-install/binutils/2.30/x86_64-centos7/bin/ld --with-gnu-as --with-as=/afs/cern.ch/cms/CAF/CMSCOMM/COMM_ECAL/dkonst/GCC/lcgcmake-install/binutils/2.30/x86_64-centos7/bin/as
Thread model: posix
gcc version 8.2.0 (GCC) 
COMPILER_PATH=/cvmfs/sft.cern.ch/lcg/releases/gcc/8.2.0-3fa06/x86_64-centos7/bin/../libexec/gcc/x86_64-pc-linux-gnu/8.2.0/:/cvmfs/sft.cern.ch/lcg/releases/gcc/8.2.0-3fa06/x86_64-centos7/bin/../libexec/gcc/:/cvmfs/sft.cern.ch/lcg/releases/gcc/8.2.0-3fa06/x86_64-centos7/
LIBRARY_PATH=/cvmfs/sft.cern.ch/lcg/releases/gcc/8.2.0-3fa06/x86_64-centos7/bin/../lib/gcc/x86_64-pc-linux-gnu/8.2.0/:/cvmfs/sft.cern.ch/lcg/releases/gcc/8.2.0-3fa06/x86_64-centos7/bin/../lib/gcc/:/cvmfs/sft.cern.ch/lcg/releases/gcc/8.2.0-3fa06/x86_64-centos7/bin/../lib/gcc/x86_64-pc-linux-gnu/8.2.0/../../../../lib64/:/lib/../lib64/:/usr/lib/../lib64/:/cvmfs/sft.cern.ch/lcg/releases/gcc/8.2.0-3fa06/x86_64-centos7/bin/../lib/gcc/x86_64-pc-linux-gnu/8.2.0/../../../:/lib/:/usr/lib/
COLLECT_GCC_OPTIONS='-v' '-rdynamic' '-o' 'cmTC_06f7c' '-shared-libgcc' '-mtune=generic' '-march=x86-64'
 /cvmfs/sft.cern.ch/lcg/releases/gcc/8.2.0-3fa06/x86_64-centos7/bin/../libexec/gcc/x86_64-pc-linux-gnu/8.2.0/collect2 -plugin /cvmfs/sft.cern.ch/lcg/releases/gcc/8.2.0-3fa06/x86_64-centos7/bin/../libexec/gcc/x86_64-pc-linux-gnu/8.2.0/liblto_plugin.so -plugin-opt=/cvmfs/sft.cern.ch/lcg/releases/gcc/8.2.0-3fa06/x86_64-centos7/bin/../libexec/gcc/x86_64-pc-linux-gnu/8.2.0/lto-wrapper -plugin-opt=-fresolution=/tmp/marherje/ccL8MLKb.res -plugin-opt=-pass-through=-lgcc_s -plugin-opt=-pass-through=-lgcc -plugin-opt=-pass-through=-lc -plugin-opt=-pass-through=-lgcc_s -plugin-opt=-pass-through=-lgcc --eh-frame-hdr -m elf_x86_64 -export-dynamic -dynamic-linker /lib64/ld-linux-x86-64.so.2 -o cmTC_06f7c /lib/../lib64/crt1.o /lib/../lib64/crti.o /cvmfs/sft.cern.ch/lcg/releases/gcc/8.2.0-3fa06/x86_64-centos7/bin/../lib/gcc/x86_64-pc-linux-gnu/8.2.0/crtbegin.o -L/cvmfs/sft.cern.ch/lcg/releases/gcc/8.2.0-3fa06/x86_64-centos7/bin/../lib/gcc/x86_64-pc-linux-gnu/8.2.0 -L/cvmfs/sft.cern.ch/lcg/releases/gcc/8.2.0-3fa06/x86_64-centos7/bin/../lib/gcc -L/cvmfs/sft.cern.ch/lcg/releases/gcc/8.2.0-3fa06/x86_64-centos7/bin/../lib/gcc/x86_64-pc-linux-gnu/8.2.0/../../../../lib64 -L/lib/../lib64 -L/usr/lib/../lib64 -L/cvmfs/sft.cern.ch/lcg/releases/gcc/8.2.0-3fa06/x86_64-centos7/bin/../lib/gcc/x86_64-pc-linux-gnu/8.2.0/../../.. CMakeFiles/cmTC_06f7c.dir/CMakeCXXCompilerABI.cpp.o -lstdc++ -lm -lgcc_s -lgcc -lc -lgcc_s -lgcc /cvmfs/sft.cern.ch/lcg/releases/gcc/8.2.0-3fa06/x86_64-centos7/bin/../lib/gcc/x86_64-pc-linux-gnu/8.2.0/crtend.o /lib/../lib64/crtn.o
COLLECT_GCC_OPTIONS='-v' '-rdynamic' '-o' 'cmTC_06f7c' '-shared-libgcc' '-mtune=generic' '-march=x86-64'
gmake[1]: Leaving directory `/lhome/ific/m/marherje/SiWECAL_p_AHCAL_Sim/processors/ECAL/LCIO2BuildProcessor/build/CMakeFiles/CMakeTmp'



Parsed CXX implicit include dir info from above output: rv=done
  found start of include info
  found start of implicit include info
    add: [/cvmfs/sft.cern.ch/lcg/releases/gcc/8.2.0-3fa06/x86_64-centos7/include]
    add: [/cvmfs/sft.cern.ch/lcg/releases/gcc/8.2.0-3fa06/x86_64-centos7/bin/../lib/gcc/x86_64-pc-linux-gnu/8.2.0/../../../../include/c++/8.2.0]
    add: [/cvmfs/sft.cern.ch/lcg/releases/gcc/8.2.0-3fa06/x86_64-centos7/bin/../lib/gcc/x86_64-pc-linux-gnu/8.2.0/../../../../include/c++/8.2.0/x86_64-pc-linux-gnu]
    add: [/cvmfs/sft.cern.ch/lcg/releases/gcc/8.2.0-3fa06/x86_64-centos7/bin/../lib/gcc/x86_64-pc-linux-gnu/8.2.0/../../../../include/c++/8.2.0/backward]
    add: [/cvmfs/sft.cern.ch/lcg/releases/gcc/8.2.0-3fa06/x86_64-centos7/bin/../lib/gcc/x86_64-pc-linux-gnu/8.2.0/include]
    add: [/cvmfs/sft.cern.ch/lcg/releases/gcc/8.2.0-3fa06/x86_64-centos7/bin/../lib/gcc/x86_64-pc-linux-gnu/8.2.0/include-fixed]
    add: [/usr/local/include]
    add: [/usr/include]
  end of search list found
  collapse include dir [/cvmfs/sft.cern.ch/lcg/releases/gcc/8.2.0-3fa06/x86_64-centos7/include] ==> [/cvmfs/sft.cern.ch/lcg/releases/gcc/8.2.0-3fa06/x86_64-centos7/include]
  collapse include dir [/cvmfs/sft.cern.ch/lcg/releases/gcc/8.2.0-3fa06/x86_64-centos7/bin/../lib/gcc/x86_64-pc-linux-gnu/8.2.0/../../../../include/c++/8.2.0] ==> [/cvmfs/sft.cern.ch/lcg/releases/gcc/8.2.0-3fa06/x86_64-centos7/include/c++/8.2.0]
  collapse include dir [/cvmfs/sft.cern.ch/lcg/releases/gcc/8.2.0-3fa06/x86_64-centos7/bin/../lib/gcc/x86_64-pc-linux-gnu/8.2.0/../../../../include/c++/8.2.0/x86_64-pc-linux-gnu] ==> [/cvmfs/sft.cern.ch/lcg/releases/gcc/8.2.0-3fa06/x86_64-centos7/include/c++/8.2.0/x86_64-pc-linux-gnu]
  collapse include dir [/cvmfs/sft.cern.ch/lcg/releases/gcc/8.2.0-3fa06/x86_64-centos7/bin/../lib/gcc/x86_64-pc-linux-gnu/8.2.0/../../../../include/c++/8.2.0/backward] ==> [/cvmfs/sft.cern.ch/lcg/releases/gcc/8.2.0-3fa06/x86_64-centos7/include/c++/8.2.0/backward]
  collapse include dir [/cvmfs/sft.cern.ch/lcg/releases/gcc/8.2.0-3fa06/x86_64-centos7/bin/../lib/gcc/x86_64-pc-linux-gnu/8.2.0/include] ==> [/cvmfs/sft.cern.ch/lcg/releases/gcc/8.2.0-3fa06/x86_64-centos7/lib/gcc/x86_64-pc-linux-gnu/8.2.0/include]
  collapse include dir [/cvmfs/sft.cern.ch/lcg/releases/gcc/8.2.0-3fa06/x86_64-centos7/bin/../lib/gcc/x86_64-pc-linux-gnu/8.2.0/include-fixed] ==> [/cvmfs/sft.cern.ch/lcg/releases/gcc/8.2.0-3fa06/x86_64-centos7/lib/gcc/x86_64-pc-linux-gnu/8.2.0/include-fixed]
  collapse include dir [/usr/local/include] ==> [/usr/local/include]
  collapse include dir [/usr/include] ==> [/usr/include]
  implicit include dirs: [/cvmfs/sft.cern.ch/lcg/releases/gcc/8.2.0-3fa06/x86_64-centos7/include;/cvmfs/sft.cern.ch/lcg/releases/gcc/8.2.0-3fa06/x86_64-centos7/include/c++/8.2.0;/cvmfs/sft.cern.ch/lcg/releases/gcc/8.2.0-3fa06/x86_64-centos7/include/c++/8.2.0/x86_64-pc-linux-gnu;/cvmfs/sft.cern.ch/lcg/releases/gcc/8.2.0-3fa06/x86_64-centos7/include/c++/8.2.0/backward;/cvmfs/sft.cern.ch/lcg/releases/gcc/8.2.0-3fa06/x86_64-centos7/lib/gcc/x86_64-pc-linux-gnu/8.2.0/include;/cvmfs/sft.cern.ch/lcg/releases/gcc/8.2.0-3fa06/x86_64-centos7/lib/gcc/x86_64-pc-linux-gnu/8.2.0/include-fixed;/usr/local/include;/usr/include]


Parsed CXX implicit link information from above output:
  link line regex: [^( *|.*[/\])(ld|CMAKE_LINK_STARTFILE-NOTFOUND|([^/\]+-)?ld|collect2)[^/\]*( |$)]
  ignore line: [Change Dir: /lhome/ific/m/marherje/SiWECAL_p_AHCAL_Sim/processors/ECAL/LCIO2BuildProcessor/build/CMakeFiles/CMakeTmp]
  ignore line: []
  ignore line: [Run Build Command(s):/bin/gmake cmTC_06f7c/fast && /bin/gmake -f CMakeFiles/cmTC_06f7c.dir/build.make CMakeFiles/cmTC_06f7c.dir/build]
  ignore line: [gmake[1]: Entering directory `/lhome/ific/m/marherje/SiWECAL_p_AHCAL_Sim/processors/ECAL/LCIO2BuildProcessor/build/CMakeFiles/CMakeTmp']
  ignore line: [Building CXX object CMakeFiles/cmTC_06f7c.dir/CMakeCXXCompilerABI.cpp.o]
  ignore line: [/cvmfs/sft.cern.ch/lcg/releases/gcc/8.2.0-3fa06/x86_64-centos7/bin/g++    -v -o CMakeFiles/cmTC_06f7c.dir/CMakeCXXCompilerABI.cpp.o -c /cvmfs/ilc.desy.de/sw/x86_64_gcc82_centos7/CMake/3.15.5/share/cmake-3.15/Modules/CMakeCXXCompilerABI.cpp]
  ignore line: [Using built-in specs.]
  ignore line: [COLLECT_GCC=/cvmfs/sft.cern.ch/lcg/releases/gcc/8.2.0-3fa06/x86_64-centos7/bin/g++]
  ignore line: [Target: x86_64-pc-linux-gnu]
  ignore line: [Configured with: /afs/cern.ch/cms/CAF/CMSCOMM/COMM_ECAL/dkonst/GCC/build/contrib/gcc-8.2.0/src/gcc/8.2.0/configure --prefix=/afs/cern.ch/cms/CAF/CMSCOMM/COMM_ECAL/dkonst/GCC/lcgcmake-install/gcc/8.2.0/x86_64-centos7 -with-system-zlib --disable-multilib --enable-languages=all --with-gnu-ld --with-ld=/afs/cern.ch/cms/CAF/CMSCOMM/COMM_ECAL/dkonst/GCC/lcgcmake-install/binutils/2.30/x86_64-centos7/bin/ld --with-gnu-as --with-as=/afs/cern.ch/cms/CAF/CMSCOMM/COMM_ECAL/dkonst/GCC/lcgcmake-install/binutils/2.30/x86_64-centos7/bin/as]
  ignore line: [Thread model: posix]
  ignore line: [gcc version 8.2.0 (GCC) ]
  ignore line: [COLLECT_GCC_OPTIONS='-v' '-o' 'CMakeFiles/cmTC_06f7c.dir/CMakeCXXCompilerABI.cpp.o' '-c' '-shared-libgcc' '-mtune=generic' '-march=x86-64']
  ignore line: [ /cvmfs/sft.cern.ch/lcg/releases/gcc/8.2.0-3fa06/x86_64-centos7/bin/../libexec/gcc/x86_64-pc-linux-gnu/8.2.0/cc1plus -quiet -v -iprefix /cvmfs/sft.cern.ch/lcg/releases/gcc/8.2.0-3fa06/x86_64-centos7/bin/../lib/gcc/x86_64-pc-linux-gnu/8.2.0/ -isystem /cvmfs/sft.cern.ch/lcg/releases/gcc/8.2.0-3fa06/x86_64-centos7/include -D_GNU_SOURCE /cvmfs/ilc.desy.de/sw/x86_64_gcc82_centos7/CMake/3.15.5/share/cmake-3.15/Modules/CMakeCXXCompilerABI.cpp -quiet -dumpbase CMakeCXXCompilerABI.cpp -mtune=generic -march=x86-64 -auxbase-strip CMakeFiles/cmTC_06f7c.dir/CMakeCXXCompilerABI.cpp.o -version -o /tmp/marherje/ccSp8pEe.s]
  ignore line: [GNU C++14 (GCC) version 8.2.0 (x86_64-pc-linux-gnu)]
  ignore line: [	compiled by GNU C version 8.2.0, GMP version 6.1.0, MPFR version 3.1.4, MPC version 1.0.3, isl version isl-0.18-GMP]
  ignore line: []
  ignore line: [GGC heuristics: --param ggc-min-expand=100 --param ggc-min-heapsize=131072]
  ignore line: [ignoring nonexistent directory "/cvmfs/sft.cern.ch/lcg/releases/gcc/8.2.0-3fa06/x86_64-centos7/bin/../lib/gcc/x86_64-pc-linux-gnu/8.2.0/../../../../x86_64-pc-linux-gnu/include"]
  ignore line: [ignoring duplicate directory "/cvmfs/sft.cern.ch/lcg/releases/gcc/8.2.0-3fa06/x86_64-centos7/bin/../lib/gcc/../../lib/gcc/x86_64-pc-linux-gnu/8.2.0/../../../../include/c++/8.2.0"]
  ignore line: [ignoring duplicate directory "/cvmfs/sft.cern.ch/lcg/releases/gcc/8.2.0-3fa06/x86_64-centos7/bin/../lib/gcc/../../lib/gcc/x86_64-pc-linux-gnu/8.2.0/../../../../include/c++/8.2.0/x86_64-pc-linux-gnu"]
  ignore line: [ignoring duplicate directory "/cvmfs/sft.cern.ch/lcg/releases/gcc/8.2.0-3fa06/x86_64-centos7/bin/../lib/gcc/../../lib/gcc/x86_64-pc-linux-gnu/8.2.0/../../../../include/c++/8.2.0/backward"]
  ignore line: [ignoring duplicate directory "/cvmfs/sft.cern.ch/lcg/releases/gcc/8.2.0-3fa06/x86_64-centos7/bin/../lib/gcc/../../lib/gcc/x86_64-pc-linux-gnu/8.2.0/include"]
  ignore line: [ignoring duplicate directory "/cvmfs/sft.cern.ch/lcg/releases/gcc/8.2.0-3fa06/x86_64-centos7/bin/../lib/gcc/../../include"]
  ignore line: [ignoring duplicate directory "/cvmfs/sft.cern.ch/lcg/releases/gcc/8.2.0-3fa06/x86_64-centos7/bin/../lib/gcc/../../lib/gcc/x86_64-pc-linux-gnu/8.2.0/include-fixed"]
  ignore line: [ignoring nonexistent directory "/cvmfs/sft.cern.ch/lcg/releases/gcc/8.2.0-3fa06/x86_64-centos7/bin/../lib/gcc/../../lib/gcc/x86_64-pc-linux-gnu/8.2.0/../../../../x86_64-pc-linux-gnu/include"]
  ignore line: [#include "..." search starts here:]
  ignore line: [#include <...> search starts here:]
  ignore line: [ /cvmfs/sft.cern.ch/lcg/releases/gcc/8.2.0-3fa06/x86_64-centos7/include]
  ignore line: [ /cvmfs/sft.cern.ch/lcg/releases/gcc/8.2.0-3fa06/x86_64-centos7/bin/../lib/gcc/x86_64-pc-linux-gnu/8.2.0/../../../../include/c++/8.2.0]
  ignore line: [ /cvmfs/sft.cern.ch/lcg/releases/gcc/8.2.0-3fa06/x86_64-centos7/bin/../lib/gcc/x86_64-pc-linux-gnu/8.2.0/../../../../include/c++/8.2.0/x86_64-pc-linux-gnu]
  ignore line: [ /cvmfs/sft.cern.ch/lcg/releases/gcc/8.2.0-3fa06/x86_64-centos7/bin/../lib/gcc/x86_64-pc-linux-gnu/8.2.0/../../../../include/c++/8.2.0/backward]
  ignore line: [ /cvmfs/sft.cern.ch/lcg/releases/gcc/8.2.0-3fa06/x86_64-centos7/bin/../lib/gcc/x86_64-pc-linux-gnu/8.2.0/include]
  ignore line: [ /cvmfs/sft.cern.ch/lcg/releases/gcc/8.2.0-3fa06/x86_64-centos7/bin/../lib/gcc/x86_64-pc-linux-gnu/8.2.0/include-fixed]
  ignore line: [ /usr/local/include]
  ignore line: [ /usr/include]
  ignore line: [End of search list.]
  ignore line: [GNU C++14 (GCC) version 8.2.0 (x86_64-pc-linux-gnu)]
  ignore line: [	compiled by GNU C version 8.2.0, GMP version 6.1.0, MPFR version 3.1.4, MPC version 1.0.3, isl version isl-0.18-GMP]
  ignore line: []
  ignore line: [GGC heuristics: --param ggc-min-expand=100 --param ggc-min-heapsize=131072]
  ignore line: [Compiler executable checksum: 070e67e9ba8aa43ec95f43bd9e04daca]
  ignore line: [COLLECT_GCC_OPTIONS='-v' '-o' 'CMakeFiles/cmTC_06f7c.dir/CMakeCXXCompilerABI.cpp.o' '-c' '-shared-libgcc' '-mtune=generic' '-march=x86-64']
  ignore line: [ as -v --64 -o CMakeFiles/cmTC_06f7c.dir/CMakeCXXCompilerABI.cpp.o /tmp/marherje/ccSp8pEe.s]
  ignore line: [GNU assembler version 2.30 (x86_64-pc-linux-gnu) using BFD version (GNU Binutils) 2.30]
  ignore line: [COMPILER_PATH=/cvmfs/sft.cern.ch/lcg/releases/gcc/8.2.0-3fa06/x86_64-centos7/bin/../libexec/gcc/x86_64-pc-linux-gnu/8.2.0/:/cvmfs/sft.cern.ch/lcg/releases/gcc/8.2.0-3fa06/x86_64-centos7/bin/../libexec/gcc/:/cvmfs/sft.cern.ch/lcg/releases/gcc/8.2.0-3fa06/x86_64-centos7/]
  ignore line: [LIBRARY_PATH=/cvmfs/sft.cern.ch/lcg/releases/gcc/8.2.0-3fa06/x86_64-centos7/bin/../lib/gcc/x86_64-pc-linux-gnu/8.2.0/:/cvmfs/sft.cern.ch/lcg/releases/gcc/8.2.0-3fa06/x86_64-centos7/bin/../lib/gcc/:/cvmfs/sft.cern.ch/lcg/releases/gcc/8.2.0-3fa06/x86_64-centos7/bin/../lib/gcc/x86_64-pc-linux-gnu/8.2.0/../../../../lib64/:/lib/../lib64/:/usr/lib/../lib64/:/cvmfs/sft.cern.ch/lcg/releases/gcc/8.2.0-3fa06/x86_64-centos7/bin/../lib/gcc/x86_64-pc-linux-gnu/8.2.0/../../../:/lib/:/usr/lib/]
  ignore line: [COLLECT_GCC_OPTIONS='-v' '-o' 'CMakeFiles/cmTC_06f7c.dir/CMakeCXXCompilerABI.cpp.o' '-c' '-shared-libgcc' '-mtune=generic' '-march=x86-64']
  ignore line: [Linking CXX executable cmTC_06f7c]
  ignore line: [/cvmfs/ilc.desy.de/sw/x86_64_gcc82_centos7/CMake/3.15.5/bin/cmake -E cmake_link_script CMakeFiles/cmTC_06f7c.dir/link.txt --verbose=1]
  ignore line: [/cvmfs/sft.cern.ch/lcg/releases/gcc/8.2.0-3fa06/x86_64-centos7/bin/g++      -v -rdynamic CMakeFiles/cmTC_06f7c.dir/CMakeCXXCompilerABI.cpp.o  -o cmTC_06f7c ]
  ignore line: [Using built-in specs.]
  ignore line: [COLLECT_GCC=/cvmfs/sft.cern.ch/lcg/releases/gcc/8.2.0-3fa06/x86_64-centos7/bin/g++]
  ignore line: [COLLECT_LTO_WRAPPER=/cvmfs/sft.cern.ch/lcg/releases/gcc/8.2.0-3fa06/x86_64-centos7/bin/../libexec/gcc/x86_64-pc-linux-gnu/8.2.0/lto-wrapper]
  ignore line: [Target: x86_64-pc-linux-gnu]
  ignore line: [Configured with: /afs/cern.ch/cms/CAF/CMSCOMM/COMM_ECAL/dkonst/GCC/build/contrib/gcc-8.2.0/src/gcc/8.2.0/configure --prefix=/afs/cern.ch/cms/CAF/CMSCOMM/COMM_ECAL/dkonst/GCC/lcgcmake-install/gcc/8.2.0/x86_64-centos7 -with-system-zlib --disable-multilib --enable-languages=all --with-gnu-ld --with-ld=/afs/cern.ch/cms/CAF/CMSCOMM/COMM_ECAL/dkonst/GCC/lcgcmake-install/binutils/2.30/x86_64-centos7/bin/ld --with-gnu-as --with-as=/afs/cern.ch/cms/CAF/CMSCOMM/COMM_ECAL/dkonst/GCC/lcgcmake-install/binutils/2.30/x86_64-centos7/bin/as]
  ignore line: [Thread model: posix]
  ignore line: [gcc version 8.2.0 (GCC) ]
  ignore line: [COMPILER_PATH=/cvmfs/sft.cern.ch/lcg/releases/gcc/8.2.0-3fa06/x86_64-centos7/bin/../libexec/gcc/x86_64-pc-linux-gnu/8.2.0/:/cvmfs/sft.cern.ch/lcg/releases/gcc/8.2.0-3fa06/x86_64-centos7/bin/../libexec/gcc/:/cvmfs/sft.cern.ch/lcg/releases/gcc/8.2.0-3fa06/x86_64-centos7/]
  ignore line: [LIBRARY_PATH=/cvmfs/sft.cern.ch/lcg/releases/gcc/8.2.0-3fa06/x86_64-centos7/bin/../lib/gcc/x86_64-pc-linux-gnu/8.2.0/:/cvmfs/sft.cern.ch/lcg/releases/gcc/8.2.0-3fa06/x86_64-centos7/bin/../lib/gcc/:/cvmfs/sft.cern.ch/lcg/releases/gcc/8.2.0-3fa06/x86_64-centos7/bin/../lib/gcc/x86_64-pc-linux-gnu/8.2.0/../../../../lib64/:/lib/../lib64/:/usr/lib/../lib64/:/cvmfs/sft.cern.ch/lcg/releases/gcc/8.2.0-3fa06/x86_64-centos7/bin/../lib/gcc/x86_64-pc-linux-gnu/8.2.0/../../../:/lib/:/usr/lib/]
  ignore line: [COLLECT_GCC_OPTIONS='-v' '-rdynamic' '-o' 'cmTC_06f7c' '-shared-libgcc' '-mtune=generic' '-march=x86-64']
  link line: [ /cvmfs/sft.cern.ch/lcg/releases/gcc/8.2.0-3fa06/x86_64-centos7/bin/../libexec/gcc/x86_64-pc-linux-gnu/8.2.0/collect2 -plugin /cvmfs/sft.cern.ch/lcg/releases/gcc/8.2.0-3fa06/x86_64-centos7/bin/../libexec/gcc/x86_64-pc-linux-gnu/8.2.0/liblto_plugin.so -plugin-opt=/cvmfs/sft.cern.ch/lcg/releases/gcc/8.2.0-3fa06/x86_64-centos7/bin/../libexec/gcc/x86_64-pc-linux-gnu/8.2.0/lto-wrapper -plugin-opt=-fresolution=/tmp/marherje/ccL8MLKb.res -plugin-opt=-pass-through=-lgcc_s -plugin-opt=-pass-through=-lgcc -plugin-opt=-pass-through=-lc -plugin-opt=-pass-through=-lgcc_s -plugin-opt=-pass-through=-lgcc --eh-frame-hdr -m elf_x86_64 -export-dynamic -dynamic-linker /lib64/ld-linux-x86-64.so.2 -o cmTC_06f7c /lib/../lib64/crt1.o /lib/../lib64/crti.o /cvmfs/sft.cern.ch/lcg/releases/gcc/8.2.0-3fa06/x86_64-centos7/bin/../lib/gcc/x86_64-pc-linux-gnu/8.2.0/crtbegin.o -L/cvmfs/sft.cern.ch/lcg/releases/gcc/8.2.0-3fa06/x86_64-centos7/bin/../lib/gcc/x86_64-pc-linux-gnu/8.2.0 -L/cvmfs/sft.cern.ch/lcg/releases/gcc/8.2.0-3fa06/x86_64-centos7/bin/../lib/gcc -L/cvmfs/sft.cern.ch/lcg/releases/gcc/8.2.0-3fa06/x86_64-centos7/bin/../lib/gcc/x86_64-pc-linux-gnu/8.2.0/../../../../lib64 -L/lib/../lib64 -L/usr/lib/../lib64 -L/cvmfs/sft.cern.ch/lcg/releases/gcc/8.2.0-3fa06/x86_64-centos7/bin/../lib/gcc/x86_64-pc-linux-gnu/8.2.0/../../.. CMakeFiles/cmTC_06f7c.dir/CMakeCXXCompilerABI.cpp.o -lstdc++ -lm -lgcc_s -lgcc -lc -lgcc_s -lgcc /cvmfs/sft.cern.ch/lcg/releases/gcc/8.2.0-3fa06/x86_64-centos7/bin/../lib/gcc/x86_64-pc-linux-gnu/8.2.0/crtend.o /lib/../lib64/crtn.o]
    arg [/cvmfs/sft.cern.ch/lcg/releases/gcc/8.2.0-3fa06/x86_64-centos7/bin/../libexec/gcc/x86_64-pc-linux-gnu/8.2.0/collect2] ==> ignore
    arg [-plugin] ==> ignore
    arg [/cvmfs/sft.cern.ch/lcg/releases/gcc/8.2.0-3fa06/x86_64-centos7/bin/../libexec/gcc/x86_64-pc-linux-gnu/8.2.0/liblto_plugin.so] ==> ignore
    arg [-plugin-opt=/cvmfs/sft.cern.ch/lcg/releases/gcc/8.2.0-3fa06/x86_64-centos7/bin/../libexec/gcc/x86_64-pc-linux-gnu/8.2.0/lto-wrapper] ==> ignore
    arg [-plugin-opt=-fresolution=/tmp/marherje/ccL8MLKb.res] ==> ignore
    arg [-plugin-opt=-pass-through=-lgcc_s] ==> ignore
    arg [-plugin-opt=-pass-through=-lgcc] ==> ignore
    arg [-plugin-opt=-pass-through=-lc] ==> ignore
    arg [-plugin-opt=-pass-through=-lgcc_s] ==> ignore
    arg [-plugin-opt=-pass-through=-lgcc] ==> ignore
    arg [--eh-frame-hdr] ==> ignore
    arg [-m] ==> ignore
    arg [elf_x86_64] ==> ignore
    arg [-export-dynamic] ==> ignore
    arg [-dynamic-linker] ==> ignore
    arg [/lib64/ld-linux-x86-64.so.2] ==> ignore
    arg [-o] ==> ignore
    arg [cmTC_06f7c] ==> ignore
    arg [/lib/../lib64/crt1.o] ==> ignore
    arg [/lib/../lib64/crti.o] ==> ignore
    arg [/cvmfs/sft.cern.ch/lcg/releases/gcc/8.2.0-3fa06/x86_64-centos7/bin/../lib/gcc/x86_64-pc-linux-gnu/8.2.0/crtbegin.o] ==> ignore
    arg [-L/cvmfs/sft.cern.ch/lcg/releases/gcc/8.2.0-3fa06/x86_64-centos7/bin/../lib/gcc/x86_64-pc-linux-gnu/8.2.0] ==> dir [/cvmfs/sft.cern.ch/lcg/releases/gcc/8.2.0-3fa06/x86_64-centos7/bin/../lib/gcc/x86_64-pc-linux-gnu/8.2.0]
    arg [-L/cvmfs/sft.cern.ch/lcg/releases/gcc/8.2.0-3fa06/x86_64-centos7/bin/../lib/gcc] ==> dir [/cvmfs/sft.cern.ch/lcg/releases/gcc/8.2.0-3fa06/x86_64-centos7/bin/../lib/gcc]
    arg [-L/cvmfs/sft.cern.ch/lcg/releases/gcc/8.2.0-3fa06/x86_64-centos7/bin/../lib/gcc/x86_64-pc-linux-gnu/8.2.0/../../../../lib64] ==> dir [/cvmfs/sft.cern.ch/lcg/releases/gcc/8.2.0-3fa06/x86_64-centos7/bin/../lib/gcc/x86_64-pc-linux-gnu/8.2.0/../../../../lib64]
    arg [-L/lib/../lib64] ==> dir [/lib/../lib64]
    arg [-L/usr/lib/../lib64] ==> dir [/usr/lib/../lib64]
    arg [-L/cvmfs/sft.cern.ch/lcg/releases/gcc/8.2.0-3fa06/x86_64-centos7/bin/../lib/gcc/x86_64-pc-linux-gnu/8.2.0/../../..] ==> dir [/cvmfs/sft.cern.ch/lcg/releases/gcc/8.2.0-3fa06/x86_64-centos7/bin/../lib/gcc/x86_64-pc-linux-gnu/8.2.0/../../..]
    arg [CMakeFiles/cmTC_06f7c.dir/CMakeCXXCompilerABI.cpp.o] ==> ignore
    arg [-lstdc++] ==> lib [stdc++]
    arg [-lm] ==> lib [m]
    arg [-lgcc_s] ==> lib [gcc_s]
    arg [-lgcc] ==> lib [gcc]
    arg [-lc] ==> lib [c]
    arg [-lgcc_s] ==> lib [gcc_s]
    arg [-lgcc] ==> lib [gcc]
    arg [/cvmfs/sft.cern.ch/lcg/releases/gcc/8.2.0-3fa06/x86_64-centos7/bin/../lib/gcc/x86_64-pc-linux-gnu/8.2.0/crtend.o] ==> ignore
    arg [/lib/../lib64/crtn.o] ==> ignore
  collapse library dir [/cvmfs/sft.cern.ch/lcg/releases/gcc/8.2.0-3fa06/x86_64-centos7/bin/../lib/gcc/x86_64-pc-linux-gnu/8.2.0] ==> [/cvmfs/sft.cern.ch/lcg/releases/gcc/8.2.0-3fa06/x86_64-centos7/lib/gcc/x86_64-pc-linux-gnu/8.2.0]
  collapse library dir [/cvmfs/sft.cern.ch/lcg/releases/gcc/8.2.0-3fa06/x86_64-centos7/bin/../lib/gcc] ==> [/cvmfs/sft.cern.ch/lcg/releases/gcc/8.2.0-3fa06/x86_64-centos7/lib/gcc]
  collapse library dir [/cvmfs/sft.cern.ch/lcg/releases/gcc/8.2.0-3fa06/x86_64-centos7/bin/../lib/gcc/x86_64-pc-linux-gnu/8.2.0/../../../../lib64] ==> [/cvmfs/sft.cern.ch/lcg/releases/gcc/8.2.0-3fa06/x86_64-centos7/lib64]
  collapse library dir [/lib/../lib64] ==> [/lib64]
  collapse library dir [/usr/lib/../lib64] ==> [/usr/lib64]
  collapse library dir [/cvmfs/sft.cern.ch/lcg/releases/gcc/8.2.0-3fa06/x86_64-centos7/bin/../lib/gcc/x86_64-pc-linux-gnu/8.2.0/../../..] ==> [/cvmfs/sft.cern.ch/lcg/releases/gcc/8.2.0-3fa06/x86_64-centos7/lib]
  implicit libs: [stdc++;m;gcc_s;gcc;c;gcc_s;gcc]
  implicit dirs: [/cvmfs/sft.cern.ch/lcg/releases/gcc/8.2.0-3fa06/x86_64-centos7/lib/gcc/x86_64-pc-linux-gnu/8.2.0;/cvmfs/sft.cern.ch/lcg/releases/gcc/8.2.0-3fa06/x86_64-centos7/lib/gcc;/cvmfs/sft.cern.ch/lcg/releases/gcc/8.2.0-3fa06/x86_64-centos7/lib64;/lib64;/usr/lib64;/cvmfs/sft.cern.ch/lcg/releases/gcc/8.2.0-3fa06/x86_64-centos7/lib]
  implicit fwks: []


Performing C++ SOURCE FILE Test CXX_FLAG_WORKS__Wall succeeded with the following output:
Change Dir: /lhome/ific/m/marherje/SiWECAL_p_AHCAL_Sim/processors/ECAL/LCIO2BuildProcessor/build/CMakeFiles/CMakeTmp

Run Build Command(s):/bin/gmake cmTC_efc7b/fast && /bin/gmake -f CMakeFiles/cmTC_efc7b.dir/build.make CMakeFiles/cmTC_efc7b.dir/build
gmake[1]: Entering directory `/lhome/ific/m/marherje/SiWECAL_p_AHCAL_Sim/processors/ECAL/LCIO2BuildProcessor/build/CMakeFiles/CMakeTmp'
Building CXX object CMakeFiles/cmTC_efc7b.dir/src.cxx.o
/cvmfs/sft.cern.ch/lcg/releases/gcc/8.2.0-3fa06/x86_64-centos7/bin/g++    -DCXX_FLAG_WORKS__Wall   -Wall -o CMakeFiles/cmTC_efc7b.dir/src.cxx.o -c /lhome/ific/m/marherje/SiWECAL_p_AHCAL_Sim/processors/ECAL/LCIO2BuildProcessor/build/CMakeFiles/CMakeTmp/src.cxx
Linking CXX executable cmTC_efc7b
/cvmfs/ilc.desy.de/sw/x86_64_gcc82_centos7/CMake/3.15.5/bin/cmake -E cmake_link_script CMakeFiles/cmTC_efc7b.dir/link.txt --verbose=1
/cvmfs/sft.cern.ch/lcg/releases/gcc/8.2.0-3fa06/x86_64-centos7/bin/g++   -DCXX_FLAG_WORKS__Wall    -rdynamic CMakeFiles/cmTC_efc7b.dir/src.cxx.o  -o cmTC_efc7b 
gmake[1]: Leaving directory `/lhome/ific/m/marherje/SiWECAL_p_AHCAL_Sim/processors/ECAL/LCIO2BuildProcessor/build/CMakeFiles/CMakeTmp'


Source file was:
int main() { return 0; }
Performing C++ SOURCE FILE Test CXX_FLAG_WORKS__Wextra succeeded with the following output:
Change Dir: /lhome/ific/m/marherje/SiWECAL_p_AHCAL_Sim/processors/ECAL/LCIO2BuildProcessor/build/CMakeFiles/CMakeTmp

Run Build Command(s):/bin/gmake cmTC_3a214/fast && /bin/gmake -f CMakeFiles/cmTC_3a214.dir/build.make CMakeFiles/cmTC_3a214.dir/build
gmake[1]: Entering directory `/lhome/ific/m/marherje/SiWECAL_p_AHCAL_Sim/processors/ECAL/LCIO2BuildProcessor/build/CMakeFiles/CMakeTmp'
Building CXX object CMakeFiles/cmTC_3a214.dir/src.cxx.o
/cvmfs/sft.cern.ch/lcg/releases/gcc/8.2.0-3fa06/x86_64-centos7/bin/g++    -Wall  -DCXX_FLAG_WORKS__Wextra   -Wextra -o CMakeFiles/cmTC_3a214.dir/src.cxx.o -c /lhome/ific/m/marherje/SiWECAL_p_AHCAL_Sim/processors/ECAL/LCIO2BuildProcessor/build/CMakeFiles/CMakeTmp/src.cxx
Linking CXX executable cmTC_3a214
/cvmfs/ilc.desy.de/sw/x86_64_gcc82_centos7/CMake/3.15.5/bin/cmake -E cmake_link_script CMakeFiles/cmTC_3a214.dir/link.txt --verbose=1
/cvmfs/sft.cern.ch/lcg/releases/gcc/8.2.0-3fa06/x86_64-centos7/bin/g++  -Wall  -DCXX_FLAG_WORKS__Wextra    -rdynamic CMakeFiles/cmTC_3a214.dir/src.cxx.o  -o cmTC_3a214 
gmake[1]: Leaving directory `/lhome/ific/m/marherje/SiWECAL_p_AHCAL_Sim/processors/ECAL/LCIO2BuildProcessor/build/CMakeFiles/CMakeTmp'


Source file was:
int main() { return 0; }
Performing C++ SOURCE FILE Test CXX_FLAG_WORKS__Wshadow succeeded with the following output:
Change Dir: /lhome/ific/m/marherje/SiWECAL_p_AHCAL_Sim/processors/ECAL/LCIO2BuildProcessor/build/CMakeFiles/CMakeTmp

Run Build Command(s):/bin/gmake cmTC_aecbb/fast && /bin/gmake -f CMakeFiles/cmTC_aecbb.dir/build.make CMakeFiles/cmTC_aecbb.dir/build
gmake[1]: Entering directory `/lhome/ific/m/marherje/SiWECAL_p_AHCAL_Sim/processors/ECAL/LCIO2BuildProcessor/build/CMakeFiles/CMakeTmp'
Building CXX object CMakeFiles/cmTC_aecbb.dir/src.cxx.o
/cvmfs/sft.cern.ch/lcg/releases/gcc/8.2.0-3fa06/x86_64-centos7/bin/g++    -Wextra -Wall  -DCXX_FLAG_WORKS__Wshadow   -Wshadow -o CMakeFiles/cmTC_aecbb.dir/src.cxx.o -c /lhome/ific/m/marherje/SiWECAL_p_AHCAL_Sim/processors/ECAL/LCIO2BuildProcessor/build/CMakeFiles/CMakeTmp/src.cxx
Linking CXX executable cmTC_aecbb
/cvmfs/ilc.desy.de/sw/x86_64_gcc82_centos7/CMake/3.15.5/bin/cmake -E cmake_link_script CMakeFiles/cmTC_aecbb.dir/link.txt --verbose=1
/cvmfs/sft.cern.ch/lcg/releases/gcc/8.2.0-3fa06/x86_64-centos7/bin/g++  -Wextra -Wall  -DCXX_FLAG_WORKS__Wshadow    -rdynamic CMakeFiles/cmTC_aecbb.dir/src.cxx.o  -o cmTC_aecbb 
gmake[1]: Leaving directory `/lhome/ific/m/marherje/SiWECAL_p_AHCAL_Sim/processors/ECAL/LCIO2BuildProcessor/build/CMakeFiles/CMakeTmp'


Source file was:
int main() { return 0; }
Performing C++ SOURCE FILE Test CXX_FLAG_WORKS__WeffcPP succeeded with the following output:
Change Dir: /lhome/ific/m/marherje/SiWECAL_p_AHCAL_Sim/processors/ECAL/LCIO2BuildProcessor/build/CMakeFiles/CMakeTmp

Run Build Command(s):/bin/gmake cmTC_2a4f5/fast && /bin/gmake -f CMakeFiles/cmTC_2a4f5.dir/build.make CMakeFiles/cmTC_2a4f5.dir/build
gmake[1]: Entering directory `/lhome/ific/m/marherje/SiWECAL_p_AHCAL_Sim/processors/ECAL/LCIO2BuildProcessor/build/CMakeFiles/CMakeTmp'
Building CXX object CMakeFiles/cmTC_2a4f5.dir/src.cxx.o
/cvmfs/sft.cern.ch/lcg/releases/gcc/8.2.0-3fa06/x86_64-centos7/bin/g++    -Wshadow -Wextra -Wall  -DCXX_FLAG_WORKS__WeffcPP   -Weffc++ -o CMakeFiles/cmTC_2a4f5.dir/src.cxx.o -c /lhome/ific/m/marherje/SiWECAL_p_AHCAL_Sim/processors/ECAL/LCIO2BuildProcessor/build/CMakeFiles/CMakeTmp/src.cxx
Linking CXX executable cmTC_2a4f5
/cvmfs/ilc.desy.de/sw/x86_64_gcc82_centos7/CMake/3.15.5/bin/cmake -E cmake_link_script CMakeFiles/cmTC_2a4f5.dir/link.txt --verbose=1
/cvmfs/sft.cern.ch/lcg/releases/gcc/8.2.0-3fa06/x86_64-centos7/bin/g++  -Wshadow -Wextra -Wall  -DCXX_FLAG_WORKS__WeffcPP    -rdynamic CMakeFiles/cmTC_2a4f5.dir/src.cxx.o  -o cmTC_2a4f5 
gmake[1]: Leaving directory `/lhome/ific/m/marherje/SiWECAL_p_AHCAL_Sim/processors/ECAL/LCIO2BuildProcessor/build/CMakeFiles/CMakeTmp'


Source file was:
int main() { return 0; }
Performing C++ SOURCE FILE Test CXX_FLAG_WORKS__pedantic succeeded with the following output:
Change Dir: /lhome/ific/m/marherje/SiWECAL_p_AHCAL_Sim/processors/ECAL/LCIO2BuildProcessor/build/CMakeFiles/CMakeTmp

Run Build Command(s):/bin/gmake cmTC_0f884/fast && /bin/gmake -f CMakeFiles/cmTC_0f884.dir/build.make CMakeFiles/cmTC_0f884.dir/build
gmake[1]: Entering directory `/lhome/ific/m/marherje/SiWECAL_p_AHCAL_Sim/processors/ECAL/LCIO2BuildProcessor/build/CMakeFiles/CMakeTmp'
Building CXX object CMakeFiles/cmTC_0f884.dir/src.cxx.o
/cvmfs/sft.cern.ch/lcg/releases/gcc/8.2.0-3fa06/x86_64-centos7/bin/g++    -Weffc++ -Wshadow -Wextra -Wall  -DCXX_FLAG_WORKS__pedantic   -pedantic -o CMakeFiles/cmTC_0f884.dir/src.cxx.o -c /lhome/ific/m/marherje/SiWECAL_p_AHCAL_Sim/processors/ECAL/LCIO2BuildProcessor/build/CMakeFiles/CMakeTmp/src.cxx
Linking CXX executable cmTC_0f884
/cvmfs/ilc.desy.de/sw/x86_64_gcc82_centos7/CMake/3.15.5/bin/cmake -E cmake_link_script CMakeFiles/cmTC_0f884.dir/link.txt --verbose=1
/cvmfs/sft.cern.ch/lcg/releases/gcc/8.2.0-3fa06/x86_64-centos7/bin/g++  -Weffc++ -Wshadow -Wextra -Wall  -DCXX_FLAG_WORKS__pedantic    -rdynamic CMakeFiles/cmTC_0f884.dir/src.cxx.o  -o cmTC_0f884 
gmake[1]: Leaving directory `/lhome/ific/m/marherje/SiWECAL_p_AHCAL_Sim/processors/ECAL/LCIO2BuildProcessor/build/CMakeFiles/CMakeTmp'


Source file was:
int main() { return 0; }
Performing C++ SOURCE FILE Test CXX_FLAG_WORKS__Wno_long_long succeeded with the following output:
Change Dir: /lhome/ific/m/marherje/SiWECAL_p_AHCAL_Sim/processors/ECAL/LCIO2BuildProcessor/build/CMakeFiles/CMakeTmp

Run Build Command(s):/bin/gmake cmTC_ea0fb/fast && /bin/gmake -f CMakeFiles/cmTC_ea0fb.dir/build.make CMakeFiles/cmTC_ea0fb.dir/build
gmake[1]: Entering directory `/lhome/ific/m/marherje/SiWECAL_p_AHCAL_Sim/processors/ECAL/LCIO2BuildProcessor/build/CMakeFiles/CMakeTmp'
Building CXX object CMakeFiles/cmTC_ea0fb.dir/src.cxx.o
/cvmfs/sft.cern.ch/lcg/releases/gcc/8.2.0-3fa06/x86_64-centos7/bin/g++    -pedantic -Weffc++ -Wshadow -Wextra -Wall  -DCXX_FLAG_WORKS__Wno_long_long   -Wno-long-long -o CMakeFiles/cmTC_ea0fb.dir/src.cxx.o -c /lhome/ific/m/marherje/SiWECAL_p_AHCAL_Sim/processors/ECAL/LCIO2BuildProcessor/build/CMakeFiles/CMakeTmp/src.cxx
Linking CXX executable cmTC_ea0fb
/cvmfs/ilc.desy.de/sw/x86_64_gcc82_centos7/CMake/3.15.5/bin/cmake -E cmake_link_script CMakeFiles/cmTC_ea0fb.dir/link.txt --verbose=1
/cvmfs/sft.cern.ch/lcg/releases/gcc/8.2.0-3fa06/x86_64-centos7/bin/g++  -pedantic -Weffc++ -Wshadow -Wextra -Wall  -DCXX_FLAG_WORKS__Wno_long_long    -rdynamic CMakeFiles/cmTC_ea0fb.dir/src.cxx.o  -o cmTC_ea0fb 
gmake[1]: Leaving directory `/lhome/ific/m/marherje/SiWECAL_p_AHCAL_Sim/processors/ECAL/LCIO2BuildProcessor/build/CMakeFiles/CMakeTmp'


Source file was:
int main() { return 0; }
Performing C++ SOURCE FILE Test CXX_FLAG_WORKS__Wuninitialized succeeded with the following output:
Change Dir: /lhome/ific/m/marherje/SiWECAL_p_AHCAL_Sim/processors/ECAL/LCIO2BuildProcessor/build/CMakeFiles/CMakeTmp

Run Build Command(s):/bin/gmake cmTC_27435/fast && /bin/gmake -f CMakeFiles/cmTC_27435.dir/build.make CMakeFiles/cmTC_27435.dir/build
gmake[1]: Entering directory `/lhome/ific/m/marherje/SiWECAL_p_AHCAL_Sim/processors/ECAL/LCIO2BuildProcessor/build/CMakeFiles/CMakeTmp'
Building CXX object CMakeFiles/cmTC_27435.dir/src.cxx.o
/cvmfs/sft.cern.ch/lcg/releases/gcc/8.2.0-3fa06/x86_64-centos7/bin/g++    -Wno-long-long -pedantic -Weffc++ -Wshadow -Wextra -Wall  -DCXX_FLAG_WORKS__Wuninitialized   -Wuninitialized -o CMakeFiles/cmTC_27435.dir/src.cxx.o -c /lhome/ific/m/marherje/SiWECAL_p_AHCAL_Sim/processors/ECAL/LCIO2BuildProcessor/build/CMakeFiles/CMakeTmp/src.cxx
Linking CXX executable cmTC_27435
/cvmfs/ilc.desy.de/sw/x86_64_gcc82_centos7/CMake/3.15.5/bin/cmake -E cmake_link_script CMakeFiles/cmTC_27435.dir/link.txt --verbose=1
/cvmfs/sft.cern.ch/lcg/releases/gcc/8.2.0-3fa06/x86_64-centos7/bin/g++  -Wno-long-long -pedantic -Weffc++ -Wshadow -Wextra -Wall  -DCXX_FLAG_WORKS__Wuninitialized    -rdynamic CMakeFiles/cmTC_27435.dir/src.cxx.o  -o cmTC_27435 
gmake[1]: Leaving directory `/lhome/ific/m/marherje/SiWECAL_p_AHCAL_Sim/processors/ECAL/LCIO2BuildProcessor/build/CMakeFiles/CMakeTmp'


Source file was:
int main() { return 0; }
Performing C++ SOURCE FILE Test CXX_FLAG_WORKS__Wl,_no_undefined succeeded with the following output:
Change Dir: /lhome/ific/m/marherje/SiWECAL_p_AHCAL_Sim/processors/ECAL/LCIO2BuildProcessor/build/CMakeFiles/CMakeTmp

Run Build Command(s):/bin/gmake cmTC_8fa23/fast && /bin/gmake -f CMakeFiles/cmTC_8fa23.dir/build.make CMakeFiles/cmTC_8fa23.dir/build
gmake[1]: Entering directory `/lhome/ific/m/marherje/SiWECAL_p_AHCAL_Sim/processors/ECAL/LCIO2BuildProcessor/build/CMakeFiles/CMakeTmp'
Building CXX object CMakeFiles/cmTC_8fa23.dir/src.cxx.o
/cvmfs/sft.cern.ch/lcg/releases/gcc/8.2.0-3fa06/x86_64-centos7/bin/g++    -Wuninitialized -Wno-long-long -pedantic -Weffc++ -Wshadow -Wextra -Wall  -DCXX_FLAG_WORKS__Wl,_no_undefined   -Wl,-no-undefined -o CMakeFiles/cmTC_8fa23.dir/src.cxx.o -c /lhome/ific/m/marherje/SiWECAL_p_AHCAL_Sim/processors/ECAL/LCIO2BuildProcessor/build/CMakeFiles/CMakeTmp/src.cxx
<command-line>: warning: ISO C++11 requires whitespace after the macro name
Linking CXX executable cmTC_8fa23
/cvmfs/ilc.desy.de/sw/x86_64_gcc82_centos7/CMake/3.15.5/bin/cmake -E cmake_link_script CMakeFiles/cmTC_8fa23.dir/link.txt --verbose=1
/cvmfs/sft.cern.ch/lcg/releases/gcc/8.2.0-3fa06/x86_64-centos7/bin/g++  -Wuninitialized -Wno-long-long -pedantic -Weffc++ -Wshadow -Wextra -Wall  -DCXX_FLAG_WORKS__Wl,_no_undefined    -rdynamic CMakeFiles/cmTC_8fa23.dir/src.cxx.o  -o cmTC_8fa23 
gmake[1]: Leaving directory `/lhome/ific/m/marherje/SiWECAL_p_AHCAL_Sim/processors/ECAL/LCIO2BuildProcessor/build/CMakeFiles/CMakeTmp'


Source file was:
int main() { return 0; }
