000 (43878863.000.000) 2024-03-15 12:41:49 Job submitted from host: <131.169.223.42:9618?addrs=131.169.223.42-9618+[2001-638-700-10df--1-2a]-9618&alias=bird-htc-sched14.desy.de&noUDP&sock=schedd_2205_066b>
...
040 (43878863.000.000) 2024-03-15 12:42:07 Started transferring input files
	Transferring to host: <131.169.77.174:44577?addrs=131.169.77.174-44577+[2001-638-700-104c--1-1ae]-44577&alias=bird654.desy.de>
...
040 (43878863.000.000) 2024-03-15 12:42:07 Finished transferring input files
...
001 (43878863.000.000) 2024-03-15 12:42:08 Job executing on host: <131.169.77.174:38346?addrs=131.169.77.174-38346+[2001-638-700-104c--1-1ae]-38346&alias=bird654.desy.de>
...
006 (43878863.000.000) 2024-03-15 12:42:16 Image size of job updated: 168032
	99  -  MemoryUsage of job (MB)
	101032  -  ResidentSetSize of job (KB)
...
006 (43878863.000.000) 2024-03-15 12:47:16 Image size of job updated: 844220
	317  -  MemoryUsage of job (MB)
	323664  -  ResidentSetSize of job (KB)
...
006 (43878863.000.000) 2024-03-15 12:52:17 Image size of job updated: 1088560
	547  -  MemoryUsage of job (MB)
	559320  -  ResidentSetSize of job (KB)
...
006 (43878863.000.000) 2024-03-15 12:57:18 Image size of job updated: 1237428
	628  -  MemoryUsage of job (MB)
	643048  -  ResidentSetSize of job (KB)
...
006 (43878863.000.000) 2024-03-15 13:02:18 Image size of job updated: 1389140
	806  -  MemoryUsage of job (MB)
	824748  -  ResidentSetSize of job (KB)
...
006 (43878863.000.000) 2024-03-15 13:07:18 Image size of job updated: 1505820
	806  -  MemoryUsage of job (MB)
	824748  -  ResidentSetSize of job (KB)
...
006 (43878863.000.000) 2024-03-15 13:12:19 Image size of job updated: 1618520
	806  -  MemoryUsage of job (MB)
	824748  -  ResidentSetSize of job (KB)
...
006 (43878863.000.000) 2024-03-15 13:17:20 Image size of job updated: 1693516
	806  -  MemoryUsage of job (MB)
	824748  -  ResidentSetSize of job (KB)
...
006 (43878863.000.000) 2024-03-15 13:22:20 Image size of job updated: 1725264
	806  -  MemoryUsage of job (MB)
	824748  -  ResidentSetSize of job (KB)
...
006 (43878863.000.000) 2024-03-15 13:27:21 Image size of job updated: 1797176
	806  -  MemoryUsage of job (MB)
	824748  -  ResidentSetSize of job (KB)
...
006 (43878863.000.000) 2024-03-15 13:32:22 Image size of job updated: 1942924
	806  -  MemoryUsage of job (MB)
	824748  -  ResidentSetSize of job (KB)
...
006 (43878863.000.000) 2024-03-15 13:37:22 Image size of job updated: 2074564
	806  -  MemoryUsage of job (MB)
	824748  -  ResidentSetSize of job (KB)
...
006 (43878863.000.000) 2024-03-15 13:42:22 Image size of job updated: 2158232
	864  -  MemoryUsage of job (MB)
	884220  -  ResidentSetSize of job (KB)
...
006 (43878863.000.000) 2024-03-15 13:47:23 Image size of job updated: 2164804
	864  -  MemoryUsage of job (MB)
	884220  -  ResidentSetSize of job (KB)
...
006 (43878863.000.000) 2024-03-15 13:52:24 Image size of job updated: 2245660
	923  -  MemoryUsage of job (MB)
	944444  -  ResidentSetSize of job (KB)
...
006 (43878863.000.000) 2024-03-15 13:57:24 Image size of job updated: 2414152
	1050  -  MemoryUsage of job (MB)
	1075176  -  ResidentSetSize of job (KB)
...
006 (43878863.000.000) 2024-03-15 14:02:24 Image size of job updated: 2471736
	1050  -  MemoryUsage of job (MB)
	1075176  -  ResidentSetSize of job (KB)
...
006 (43878863.000.000) 2024-03-15 14:07:25 Image size of job updated: 2497676
	1050  -  MemoryUsage of job (MB)
	1075176  -  ResidentSetSize of job (KB)
...
006 (43878863.000.000) 2024-03-15 14:42:29 Image size of job updated: 2497676
	1067  -  MemoryUsage of job (MB)
	1091700  -  ResidentSetSize of job (KB)
...
006 (43878863.000.000) 2024-03-15 14:47:30 Image size of job updated: 2497676
	1315  -  MemoryUsage of job (MB)
	1346000  -  ResidentSetSize of job (KB)
...
006 (43878863.000.000) 2024-03-15 14:52:30 Image size of job updated: 2497676
	1345  -  MemoryUsage of job (MB)
	1376760  -  ResidentSetSize of job (KB)
...
040 (43878863.000.000) 2024-03-15 15:39:32 Started transferring output files
...
040 (43878863.000.000) 2024-03-15 15:39:32 Finished transferring output files
...
005 (43878863.000.000) 2024-03-15 15:39:32 Job terminated.
	(1) Normal termination (return value 0)
		Usr 0 02:54:58, Sys 0 00:01:40  -  Run Remote Usage
		Usr 0 00:00:00, Sys 0 00:00:00  -  Run Local Usage
		Usr 0 02:54:58, Sys 0 00:01:40  -  Total Remote Usage
		Usr 0 00:00:00, Sys 0 00:00:00  -  Total Local Usage
	367628  -  Run Bytes Sent By Job
	457  -  Run Bytes Received By Job
	367628  -  Total Bytes Sent By Job
	457  -  Total Bytes Received By Job
	Partitionable Resources :    Usage  Request Allocated 
	   Cpus                 :     1.00        1         1 
	   Disk (KB)            :  4278    20480000  21282932 
	   Memory (MB)          :  1345        1536      1536 

	Job terminated of its own accord at 2024-03-15T14:39:32Z.
...
000 (43879602.000.000) 2024-03-15 17:35:41 Job submitted from host: <131.169.223.42:9618?addrs=131.169.223.42-9618+[2001-638-700-10df--1-2a]-9618&alias=bird-htc-sched14.desy.de&noUDP&sock=schedd_2205_066b>
...
040 (43879602.000.000) 2024-03-15 17:36:11 Started transferring input files
	Transferring to host: <131.169.162.195:34010?addrs=131.169.162.195-34010+[2001-638-700-10a0--1-2c3]-34010&alias=batch1195.desy.de>
...
040 (43879602.000.000) 2024-03-15 17:36:11 Finished transferring input files
...
001 (43879602.000.000) 2024-03-15 17:36:12 Job executing on host: <131.169.162.195:44574?addrs=131.169.162.195-44574+[2001-638-700-10a0--1-2c3]-44574&alias=batch1195.desy.de>
...
006 (43879602.000.000) 2024-03-15 17:36:21 Image size of job updated: 200240
	123  -  MemoryUsage of job (MB)
	124952  -  ResidentSetSize of job (KB)
...
006 (43879602.000.000) 2024-03-15 17:41:22 Image size of job updated: 840356
	313  -  MemoryUsage of job (MB)
	319564  -  ResidentSetSize of job (KB)
...
006 (43879602.000.000) 2024-03-15 17:46:23 Image size of job updated: 1090256
	509  -  MemoryUsage of job (MB)
	520292  -  ResidentSetSize of job (KB)
...
006 (43879602.000.000) 2024-03-15 17:51:23 Image size of job updated: 1325312
	722  -  MemoryUsage of job (MB)
	738708  -  ResidentSetSize of job (KB)
...
006 (43879602.000.000) 2024-03-15 17:56:23 Image size of job updated: 1423848
	778  -  MemoryUsage of job (MB)
	796260  -  ResidentSetSize of job (KB)
...
006 (43879602.000.000) 2024-03-15 18:01:24 Image size of job updated: 1524340
	884  -  MemoryUsage of job (MB)
	904960  -  ResidentSetSize of job (KB)
...
006 (43879602.000.000) 2024-03-15 18:06:25 Image size of job updated: 1632552
	950  -  MemoryUsage of job (MB)
	972684  -  ResidentSetSize of job (KB)
...
006 (43879602.000.000) 2024-03-15 18:11:25 Image size of job updated: 1698024
	995  -  MemoryUsage of job (MB)
	1018520  -  ResidentSetSize of job (KB)
...
006 (43879602.000.000) 2024-03-15 18:16:25 Image size of job updated: 1772680
	1115  -  MemoryUsage of job (MB)
	1141676  -  ResidentSetSize of job (KB)
...
006 (43879602.000.000) 2024-03-15 18:21:26 Image size of job updated: 1935608
	1260  -  MemoryUsage of job (MB)
	1289276  -  ResidentSetSize of job (KB)
...
006 (43879602.000.000) 2024-03-15 18:26:27 Image size of job updated: 2061952
	1349  -  MemoryUsage of job (MB)
	1380940  -  ResidentSetSize of job (KB)
...
006 (43879602.000.000) 2024-03-15 18:31:27 Image size of job updated: 2155224
	1460  -  MemoryUsage of job (MB)
	1494088  -  ResidentSetSize of job (KB)
...
006 (43879602.000.000) 2024-03-15 18:36:28 Image size of job updated: 2246692
	1523  -  MemoryUsage of job (MB)
	1558904  -  ResidentSetSize of job (KB)
...
006 (43879602.000.000) 2024-03-15 18:41:29 Image size of job updated: 2253256
	1523  -  MemoryUsage of job (MB)
	1558904  -  ResidentSetSize of job (KB)
...
006 (43879602.000.000) 2024-03-15 18:46:29 Image size of job updated: 2420320
	1523  -  MemoryUsage of job (MB)
	1558904  -  ResidentSetSize of job (KB)
...
006 (43879602.000.000) 2024-03-15 18:51:29 Image size of job updated: 2515832
	1523  -  MemoryUsage of job (MB)
	1558904  -  ResidentSetSize of job (KB)
...
040 (43879602.000.000) 2024-03-15 20:14:20 Started transferring output files
...
040 (43879602.000.000) 2024-03-15 20:14:20 Finished transferring output files
...
005 (43879602.000.000) 2024-03-15 20:14:20 Job terminated.
	(1) Normal termination (return value 0)
		Usr 0 02:36:41, Sys 0 00:01:01  -  Run Remote Usage
		Usr 0 00:00:00, Sys 0 00:00:00  -  Run Local Usage
		Usr 0 02:36:41, Sys 0 00:01:01  -  Total Remote Usage
		Usr 0 00:00:00, Sys 0 00:00:00  -  Total Local Usage
	378407  -  Run Bytes Sent By Job
	457  -  Run Bytes Received By Job
	378407  -  Total Bytes Sent By Job
	457  -  Total Bytes Received By Job
	Partitionable Resources :    Usage  Request Allocated 
	   Cpus                 :     1.00        1         1 
	   Disk (KB)            :  4290    20480000  21278232 
	   Memory (MB)          :  1523        1536      1536 

	Job terminated of its own accord at 2024-03-15T19:14:20Z.
...
